[0.024s] Invoking command in '/home/marcus/Documents/robotics/robot_ws/build/arise': CMAKE_PREFIX_PATH=${CMAKE_PREFIX_PATH}:/opt/ros/jazzy DEBUGINFOD_URLS=https://debuginfod.ubuntu.com /usr/bin/cmake --build /home/marcus/Documents/robotics/robot_ws/build/arise -- -j4 -l4
[0.067s] -- Found ament_cmake: 2.5.2 (/opt/ros/jazzy/share/ament_cmake/cmake)
[0.435s] -- Override CMake install command with custom implementation using symlinks instead of copying resources
[0.446s] -- Found rclpy: 7.1.1 (/opt/ros/jazzy/share/rclpy/cmake)
[0.448s] -- Found geometry_msgs: 5.3.5 (/opt/ros/jazzy/share/geometry_msgs/cmake)
[0.604s] -- Found rosidl_generator_c: 4.6.3 (/opt/ros/jazzy/share/rosidl_generator_c/cmake)
[0.636s] -- Found rosidl_generator_cpp: 4.6.3 (/opt/ros/jazzy/share/rosidl_generator_cpp/cmake)
[0.672s] -- Using all available rosidl_typesupport_c: rosidl_typesupport_fastrtps_c;rosidl_typesupport_introspection_c
[0.716s] -- Using all available rosidl_typesupport_cpp: rosidl_typesupport_fastrtps_cpp;rosidl_typesupport_introspection_cpp
[0.793s] -- Found ament_lint_auto: 0.17.1 (/opt/ros/jazzy/share/ament_lint_auto/cmake)
[0.977s] -- Added test 'flake8' to check Python code syntax and style conventions
[0.977s] -- Configured 'flake8' exclude dirs and/or files: 
[0.978s] -- Added test 'lint_cmake' to check CMake code style
[0.979s] -- Added test 'pep257' to check Python code against some of the docstring style conventions in PEP 257
[0.981s] -- Added test 'xmllint' to check XML markup files
[0.983s] -- Configuring done (0.9s)
[0.993s] [31mCMake Error at CMakeLists.txt:17 (add_executable):
[0.993s]   Cannot find source file:
[0.994s] 
[0.994s]     src/vel_subscriber.py
[0.994s] 
[0.994s]   Tried extensions .c .C .c++ .cc .cpp .cxx .cu .mpp .m .M .mm .ixx .cppm
[0.994s]   .ccm .cxxm .c++m .h .hh .h++ .hm .hpp .hxx .in .txx .f .F .for .f77 .f90
[0.994s]   .f95 .f03 .hip .ispc
[0.994s] 
[0.994s] [0m
[0.995s] [31mCMake Error at CMakeLists.txt:17 (add_executable):
[0.995s]   No SOURCES given to target: vel_subscriber
[0.995s] 
[0.995s] [0m
[0.995s] [0mCMake Generate step failed.  Build files cannot be regenerated correctly.[0m
[1.006s] gmake: *** [Makefile:226: cmake_check_build_system] Error 1
[1.006s] Invoked command in '/home/marcus/Documents/robotics/robot_ws/build/arise' returned '2': CMAKE_PREFIX_PATH=${CMAKE_PREFIX_PATH}:/opt/ros/jazzy DEBUGINFOD_URLS=https://debuginfod.ubuntu.com /usr/bin/cmake --build /home/marcus/Documents/robotics/robot_ws/build/arise -- -j4 -l4
