[0.148s] DEBUG:colcon:Command line arguments: ['/usr/bin/colcon', 'build', '--symlink-install']
[0.148s] DEBUG:colcon:Parsed command line arguments: Namespace(log_base=None, log_level=None, verb_name='build', build_base='build', install_base='install', merge_install=False, symlink_install=True, test_result_base=None, continue_on_error=False, executor='parallel', parallel_workers=4, event_handlers=None, ignore_user_meta=False, metas=['./colcon.meta'], base_paths=['.'], packages_ignore=None, packages_ignore_regex=None, paths=None, packages_up_to=None, packages_up_to_regex=None, packages_above=None, packages_above_and_dependencies=None, packages_above_depth=None, packages_select_by_dep=None, packages_skip_by_dep=None, packages_skip_up_to=None, packages_select_build_failed=False, packages_skip_build_finished=False, packages_select_test_failures=False, packages_skip_test_passed=False, packages_select=None, packages_skip=None, packages_select_regex=None, packages_skip_regex=None, packages_start=None, packages_end=None, allow_overriding=[], cmake_args=None, cmake_target=None, cmake_target_skip_unavailable=False, cmake_clean_cache=False, cmake_clean_first=False, cmake_force_configure=False, ament_cmake_args=None, catkin_cmake_args=None, catkin_skip_building_tests=False, mixin_files=None, mixin=None, verb_parser=<colcon_mixin.mixin.mixin_argument.MixinArgumentDecorator object at 0xffffb20898b0>, verb_extension=<colcon_core.verb.build.BuildVerb object at 0xffffb31dc950>, main=<bound method BuildVerb.main of <colcon_core.verb.build.BuildVerb object at 0xffffb31dc950>>, mixin_verb=('build',))
[0.205s] Level 1:colcon.colcon_core.package_discovery:discover_packages(colcon_meta) check parameters
[0.205s] Level 1:colcon.colcon_core.package_discovery:discover_packages(recursive) check parameters
[0.205s] Level 1:colcon.colcon_core.package_discovery:discover_packages(ignore) check parameters
[0.205s] Level 1:colcon.colcon_core.package_discovery:discover_packages(path) check parameters
[0.206s] Level 1:colcon.colcon_core.package_discovery:discover_packages(colcon_meta) discover
[0.206s] Level 1:colcon.colcon_core.package_discovery:discover_packages(recursive) discover
[0.206s] INFO:colcon.colcon_core.package_discovery:Crawling recursively for packages in '/home/marcus/Documents/robotics/robot_ws'
[0.206s] Level 1:colcon.colcon_core.package_identification:_identify(.) by extensions ['ignore', 'ignore_ament_install']
[0.206s] Level 1:colcon.colcon_core.package_identification:_identify(.) by extension 'ignore'
[0.206s] Level 1:colcon.colcon_core.package_identification:_identify(.) by extension 'ignore_ament_install'
[0.206s] Level 1:colcon.colcon_core.package_identification:_identify(.) by extensions ['colcon_pkg']
[0.206s] Level 1:colcon.colcon_core.package_identification:_identify(.) by extension 'colcon_pkg'
[0.206s] Level 1:colcon.colcon_core.package_identification:_identify(.) by extensions ['colcon_meta']
[0.206s] Level 1:colcon.colcon_core.package_identification:_identify(.) by extension 'colcon_meta'
[0.206s] Level 1:colcon.colcon_core.package_identification:_identify(.) by extensions ['ros']
[0.206s] Level 1:colcon.colcon_core.package_identification:_identify(.) by extension 'ros'
[0.247s] Level 1:colcon.colcon_core.package_identification:_identify(.) by extensions ['cmake', 'python']
[0.247s] Level 1:colcon.colcon_core.package_identification:_identify(.) by extension 'cmake'
[0.247s] Level 1:colcon.colcon_core.package_identification:_identify(.) by extension 'python'
[0.247s] Level 1:colcon.colcon_core.package_identification:_identify(.) by extensions ['python_setup_py']
[0.247s] Level 1:colcon.colcon_core.package_identification:_identify(.) by extension 'python_setup_py'
[0.247s] Level 1:colcon.colcon_core.package_identification:_identify(build) by extensions ['ignore', 'ignore_ament_install']
[0.247s] Level 1:colcon.colcon_core.package_identification:_identify(build) by extension 'ignore'
[0.247s] Level 1:colcon.colcon_core.package_identification:_identify(build) ignored
[0.248s] Level 1:colcon.colcon_core.package_identification:_identify(install) by extensions ['ignore', 'ignore_ament_install']
[0.248s] Level 1:colcon.colcon_core.package_identification:_identify(install) by extension 'ignore'
[0.248s] Level 1:colcon.colcon_core.package_identification:_identify(install) ignored
[0.248s] Level 1:colcon.colcon_core.package_identification:_identify(log) by extensions ['ignore', 'ignore_ament_install']
[0.248s] Level 1:colcon.colcon_core.package_identification:_identify(log) by extension 'ignore'
[0.248s] Level 1:colcon.colcon_core.package_identification:_identify(log) ignored
[0.248s] Level 1:colcon.colcon_core.package_identification:_identify(src) by extensions ['ignore', 'ignore_ament_install']
[0.248s] Level 1:colcon.colcon_core.package_identification:_identify(src) by extension 'ignore'
[0.248s] Level 1:colcon.colcon_core.package_identification:_identify(src) by extension 'ignore_ament_install'
[0.248s] Level 1:colcon.colcon_core.package_identification:_identify(src) by extensions ['colcon_pkg']
[0.248s] Level 1:colcon.colcon_core.package_identification:_identify(src) by extension 'colcon_pkg'
[0.248s] Level 1:colcon.colcon_core.package_identification:_identify(src) by extensions ['colcon_meta']
[0.248s] Level 1:colcon.colcon_core.package_identification:_identify(src) by extension 'colcon_meta'
[0.249s] Level 1:colcon.colcon_core.package_identification:_identify(src) by extensions ['ros']
[0.249s] Level 1:colcon.colcon_core.package_identification:_identify(src) by extension 'ros'
[0.249s] Level 1:colcon.colcon_core.package_identification:_identify(src) by extensions ['cmake', 'python']
[0.249s] Level 1:colcon.colcon_core.package_identification:_identify(src) by extension 'cmake'
[0.249s] Level 1:colcon.colcon_core.package_identification:_identify(src) by extension 'python'
[0.249s] Level 1:colcon.colcon_core.package_identification:_identify(src) by extensions ['python_setup_py']
[0.249s] Level 1:colcon.colcon_core.package_identification:_identify(src) by extension 'python_setup_py'
[0.249s] Level 1:colcon.colcon_core.package_identification:_identify(src/arise) by extensions ['ignore', 'ignore_ament_install']
[0.249s] Level 1:colcon.colcon_core.package_identification:_identify(src/arise) by extension 'ignore'
[0.249s] Level 1:colcon.colcon_core.package_identification:_identify(src/arise) by extension 'ignore_ament_install'
[0.249s] Level 1:colcon.colcon_core.package_identification:_identify(src/arise) by extensions ['colcon_pkg']
[0.249s] Level 1:colcon.colcon_core.package_identification:_identify(src/arise) by extension 'colcon_pkg'
[0.249s] Level 1:colcon.colcon_core.package_identification:_identify(src/arise) by extensions ['colcon_meta']
[0.249s] Level 1:colcon.colcon_core.package_identification:_identify(src/arise) by extension 'colcon_meta'
[0.249s] Level 1:colcon.colcon_core.package_identification:_identify(src/arise) by extensions ['ros']
[0.249s] Level 1:colcon.colcon_core.package_identification:_identify(src/arise) by extension 'ros'
[0.253s] DEBUG:colcon.colcon_core.package_identification:Package 'src/arise' with type 'ros.ament_cmake' and name 'arise'
[0.253s] Level 1:colcon.colcon_core.package_discovery:discover_packages(recursive) using defaults
[0.253s] Level 1:colcon.colcon_core.package_discovery:discover_packages(ignore) discover
[0.253s] Level 1:colcon.colcon_core.package_discovery:discover_packages(ignore) using defaults
[0.253s] Level 1:colcon.colcon_core.package_discovery:discover_packages(path) discover
[0.253s] Level 1:colcon.colcon_core.package_discovery:discover_packages(path) using defaults
[0.277s] Level 1:colcon.colcon_core.package_discovery:discover_packages(prefix_path) check parameters
[0.277s] Level 1:colcon.colcon_core.package_discovery:discover_packages(prefix_path) discover
[0.279s] DEBUG:colcon.colcon_installed_package_information.package_discovery:Found 1 installed packages in /home/marcus/Documents/robotics/robot_ws/install
[0.281s] DEBUG:colcon.colcon_installed_package_information.package_discovery:Found 285 installed packages in /opt/ros/jazzy
[0.282s] Level 1:colcon.colcon_core.package_discovery:discover_packages(prefix_path) using defaults
[0.341s] Level 5:colcon.colcon_core.verb:set package 'arise' build argument 'cmake_args' from command line to 'None'
[0.341s] Level 5:colcon.colcon_core.verb:set package 'arise' build argument 'cmake_target' from command line to 'None'
[0.341s] Level 5:colcon.colcon_core.verb:set package 'arise' build argument 'cmake_target_skip_unavailable' from command line to 'False'
[0.342s] Level 5:colcon.colcon_core.verb:set package 'arise' build argument 'cmake_clean_cache' from command line to 'False'
[0.342s] Level 5:colcon.colcon_core.verb:set package 'arise' build argument 'cmake_clean_first' from command line to 'False'
[0.342s] Level 5:colcon.colcon_core.verb:set package 'arise' build argument 'cmake_force_configure' from command line to 'False'
[0.342s] Level 5:colcon.colcon_core.verb:set package 'arise' build argument 'ament_cmake_args' from command line to 'None'
[0.342s] Level 5:colcon.colcon_core.verb:set package 'arise' build argument 'catkin_cmake_args' from command line to 'None'
[0.342s] Level 5:colcon.colcon_core.verb:set package 'arise' build argument 'catkin_skip_building_tests' from command line to 'False'
[0.342s] DEBUG:colcon.colcon_core.verb:Building package 'arise' with the following arguments: {'ament_cmake_args': None, 'build_base': '/home/marcus/Documents/robotics/robot_ws/build/arise', 'catkin_cmake_args': None, 'catkin_skip_building_tests': False, 'cmake_args': None, 'cmake_clean_cache': False, 'cmake_clean_first': False, 'cmake_force_configure': False, 'cmake_target': None, 'cmake_target_skip_unavailable': False, 'install_base': '/home/marcus/Documents/robotics/robot_ws/install/arise', 'merge_install': False, 'path': '/home/marcus/Documents/robotics/robot_ws/src/arise', 'symlink_install': True, 'test_result_base': None}
[0.342s] INFO:colcon.colcon_core.executor:Executing jobs using 'parallel' executor
[0.343s] DEBUG:colcon.colcon_parallel_executor.executor.parallel:run_until_complete
[0.344s] INFO:colcon.colcon_ros.task.ament_cmake.build:Building ROS package in '/home/marcus/Documents/robotics/robot_ws/src/arise' with build type 'ament_cmake'
[0.344s] INFO:colcon.colcon_cmake.task.cmake.build:Building CMake package in '/home/marcus/Documents/robotics/robot_ws/src/arise'
[0.350s] INFO:colcon.colcon_core.plugin_system:Skipping extension 'colcon_core.shell.bat': Not used on non-Windows systems
[0.351s] INFO:colcon.colcon_core.shell:Skip shell extension 'powershell' for command environment: Not usable outside of PowerShell
[0.351s] DEBUG:colcon.colcon_core.shell:Skip shell extension 'dsv' for command environment
[0.369s] DEBUG:colcon.colcon_core.event_handler.log_command:Invoking command in '/home/marcus/Documents/robotics/robot_ws/build/arise': CMAKE_PREFIX_PATH=${CMAKE_PREFIX_PATH}:/opt/ros/jazzy DEBUGINFOD_URLS=https://debuginfod.ubuntu.com /usr/bin/cmake --build /home/marcus/Documents/robotics/robot_ws/build/arise -- -j4 -l4
[1.246s] DEBUG:colcon.colcon_core.event_handler.log_command:Invoked command in '/home/marcus/Documents/robotics/robot_ws/build/arise' returned '0': CMAKE_PREFIX_PATH=${CMAKE_PREFIX_PATH}:/opt/ros/jazzy DEBUGINFOD_URLS=https://debuginfod.ubuntu.com /usr/bin/cmake --build /home/marcus/Documents/robotics/robot_ws/build/arise -- -j4 -l4
[1.308s] DEBUG:colcon.colcon_core.event_handler.log_command:Invoking command in '/home/marcus/Documents/robotics/robot_ws/build/arise': CMAKE_PREFIX_PATH=${CMAKE_PREFIX_PATH}:/opt/ros/jazzy DEBUGINFOD_URLS=https://debuginfod.ubuntu.com /usr/bin/cmake --install /home/marcus/Documents/robotics/robot_ws/build/arise
[1.475s] Level 1:colcon.colcon_core.environment:create_environment_scripts_only(arise)
[1.476s] DEBUG:colcon.colcon_core.event_handler.log_command:Invoked command in '/home/marcus/Documents/robotics/robot_ws/build/arise' returned '0': CMAKE_PREFIX_PATH=${CMAKE_PREFIX_PATH}:/opt/ros/jazzy DEBUGINFOD_URLS=https://debuginfod.ubuntu.com /usr/bin/cmake --install /home/marcus/Documents/robotics/robot_ws/build/arise
[1.478s] Level 1:colcon.colcon_core.environment:checking '/home/marcus/Documents/robotics/robot_ws/install/arise' for CMake module files
[1.479s] Level 1:colcon.colcon_core.environment:checking '/home/marcus/Documents/robotics/robot_ws/install/arise' for CMake config files
[1.480s] Level 1:colcon.colcon_core.shell:create_environment_hook('arise', 'cmake_prefix_path')
[1.480s] INFO:colcon.colcon_core.shell:Creating environment hook '/home/marcus/Documents/robotics/robot_ws/install/arise/share/arise/hook/cmake_prefix_path.ps1'
[1.481s] INFO:colcon.colcon_core.shell:Creating environment descriptor '/home/marcus/Documents/robotics/robot_ws/install/arise/share/arise/hook/cmake_prefix_path.dsv'
[1.485s] INFO:colcon.colcon_core.shell:Creating environment hook '/home/marcus/Documents/robotics/robot_ws/install/arise/share/arise/hook/cmake_prefix_path.sh'
[1.487s] Level 1:colcon.colcon_core.environment:checking '/home/marcus/Documents/robotics/robot_ws/install/arise/lib'
[1.487s] Level 1:colcon.colcon_core.environment:checking '/home/marcus/Documents/robotics/robot_ws/install/arise/bin'
[1.487s] Level 1:colcon.colcon_core.environment:checking '/home/marcus/Documents/robotics/robot_ws/install/arise/lib/pkgconfig/arise.pc'
[1.488s] Level 1:colcon.colcon_core.environment:checking '/home/marcus/Documents/robotics/robot_ws/install/arise/lib/python3.12/site-packages'
[1.488s] Level 1:colcon.colcon_core.environment:checking '/home/marcus/Documents/robotics/robot_ws/install/arise/bin'
[1.488s] INFO:colcon.colcon_core.shell:Creating package script '/home/marcus/Documents/robotics/robot_ws/install/arise/share/arise/package.ps1'
[1.489s] INFO:colcon.colcon_core.shell:Creating package descriptor '/home/marcus/Documents/robotics/robot_ws/install/arise/share/arise/package.dsv'
[1.490s] INFO:colcon.colcon_core.shell:Creating package script '/home/marcus/Documents/robotics/robot_ws/install/arise/share/arise/package.sh'
[1.491s] INFO:colcon.colcon_core.shell:Creating package script '/home/marcus/Documents/robotics/robot_ws/install/arise/share/arise/package.bash'
[1.492s] INFO:colcon.colcon_core.shell:Creating package script '/home/marcus/Documents/robotics/robot_ws/install/arise/share/arise/package.zsh'
[1.493s] Level 1:colcon.colcon_core.environment:create_file_with_runtime_dependencies(/home/marcus/Documents/robotics/robot_ws/install/arise/share/colcon-core/packages/arise)
[1.531s] Level 1:colcon.colcon_core.environment:create_environment_scripts_only(arise)
[1.531s] Level 1:colcon.colcon_core.environment:checking '/home/marcus/Documents/robotics/robot_ws/install/arise' for CMake module files
[1.532s] Level 1:colcon.colcon_core.environment:checking '/home/marcus/Documents/robotics/robot_ws/install/arise' for CMake config files
[1.533s] Level 1:colcon.colcon_core.shell:create_environment_hook('arise', 'cmake_prefix_path')
[1.533s] INFO:colcon.colcon_core.shell:Creating environment hook '/home/marcus/Documents/robotics/robot_ws/install/arise/share/arise/hook/cmake_prefix_path.ps1'
[1.534s] INFO:colcon.colcon_core.shell:Creating environment descriptor '/home/marcus/Documents/robotics/robot_ws/install/arise/share/arise/hook/cmake_prefix_path.dsv'
[1.534s] INFO:colcon.colcon_core.shell:Creating environment hook '/home/marcus/Documents/robotics/robot_ws/install/arise/share/arise/hook/cmake_prefix_path.sh'
[1.535s] Level 1:colcon.colcon_core.environment:checking '/home/marcus/Documents/robotics/robot_ws/install/arise/lib'
[1.535s] Level 1:colcon.colcon_core.environment:checking '/home/marcus/Documents/robotics/robot_ws/install/arise/bin'
[1.535s] Level 1:colcon.colcon_core.environment:checking '/home/marcus/Documents/robotics/robot_ws/install/arise/lib/pkgconfig/arise.pc'
[1.536s] Level 1:colcon.colcon_core.environment:checking '/home/marcus/Documents/robotics/robot_ws/install/arise/lib/python3.12/site-packages'
[1.536s] Level 1:colcon.colcon_core.environment:checking '/home/marcus/Documents/robotics/robot_ws/install/arise/bin'
[1.536s] INFO:colcon.colcon_core.shell:Creating package script '/home/marcus/Documents/robotics/robot_ws/install/arise/share/arise/package.ps1'
[1.537s] INFO:colcon.colcon_core.shell:Creating package descriptor '/home/marcus/Documents/robotics/robot_ws/install/arise/share/arise/package.dsv'
[1.538s] INFO:colcon.colcon_core.shell:Creating package script '/home/marcus/Documents/robotics/robot_ws/install/arise/share/arise/package.sh'
[1.538s] INFO:colcon.colcon_core.shell:Creating package script '/home/marcus/Documents/robotics/robot_ws/install/arise/share/arise/package.bash'
[1.539s] INFO:colcon.colcon_core.shell:Creating package script '/home/marcus/Documents/robotics/robot_ws/install/arise/share/arise/package.zsh'
[1.539s] Level 1:colcon.colcon_core.environment:create_file_with_runtime_dependencies(/home/marcus/Documents/robotics/robot_ws/install/arise/share/colcon-core/packages/arise)
[1.540s] DEBUG:colcon.colcon_parallel_executor.executor.parallel:closing loop
[1.540s] DEBUG:colcon.colcon_parallel_executor.executor.parallel:loop closed
[1.540s] DEBUG:colcon.colcon_parallel_executor.executor.parallel:run_until_complete finished with '0'
[1.541s] DEBUG:colcon.colcon_core.event_reactor:joining thread
[1.559s] INFO:colcon.colcon_core.plugin_system:Skipping extension 'colcon_notification.desktop_notification.terminal_notifier': Not used on non-Darwin systems
[1.559s] INFO:colcon.colcon_core.plugin_system:Skipping extension 'colcon_notification.desktop_notification.win32': Not used on non-Windows systems
[1.559s] INFO:colcon.colcon_notification.desktop_notification:Sending desktop notification using 'notify2'
[1.589s] DEBUG:colcon.colcon_core.event_reactor:joined thread
[1.589s] INFO:colcon.colcon_core.shell:Creating prefix script '/home/marcus/Documents/robotics/robot_ws/install/local_setup.ps1'
[1.591s] INFO:colcon.colcon_core.shell:Creating prefix util module '/home/marcus/Documents/robotics/robot_ws/install/_local_setup_util_ps1.py'
[1.593s] INFO:colcon.colcon_core.shell:Creating prefix chain script '/home/marcus/Documents/robotics/robot_ws/install/setup.ps1'
[1.595s] INFO:colcon.colcon_core.shell:Creating prefix script '/home/marcus/Documents/robotics/robot_ws/install/local_setup.sh'
[1.596s] INFO:colcon.colcon_core.shell:Creating prefix util module '/home/marcus/Documents/robotics/robot_ws/install/_local_setup_util_sh.py'
[1.597s] INFO:colcon.colcon_core.shell:Creating prefix chain script '/home/marcus/Documents/robotics/robot_ws/install/setup.sh'
[1.599s] INFO:colcon.colcon_core.shell:Creating prefix script '/home/marcus/Documents/robotics/robot_ws/install/local_setup.bash'
[1.600s] INFO:colcon.colcon_core.shell:Creating prefix chain script '/home/marcus/Documents/robotics/robot_ws/install/setup.bash'
[1.601s] INFO:colcon.colcon_core.shell:Creating prefix script '/home/marcus/Documents/robotics/robot_ws/install/local_setup.zsh'
[1.602s] INFO:colcon.colcon_core.shell:Creating prefix chain script '/home/marcus/Documents/robotics/robot_ws/install/setup.zsh'
