-- Found ament_cmake: 2.5.2 (/opt/ros/jazzy/share/ament_cmake/cmake)
-- Override CMake install command with custom implementation using symlinks instead of copying resources
-- Found rclpy: 7.1.1 (/opt/ros/jazzy/share/rclpy/cmake)
-- Found rclcpp: 28.1.3 (/opt/ros/jazzy/share/rclcpp/cmake)
-- Found rosidl_generator_c: 4.6.3 (/opt/ros/jazzy/share/rosidl_generator_c/cmake)
-- Found rosidl_generator_cpp: 4.6.3 (/opt/ros/jazzy/share/rosidl_generator_cpp/cmake)
-- Using all available rosidl_typesupport_c: rosidl_typesupport_fastrtps_c;rosidl_typesupport_introspection_c
-- Using all available rosidl_typesupport_cpp: rosidl_typesupport_fastrtps_cpp;rosidl_typesupport_introspection_cpp
-- Found rmw_implementation_cmake: 7.3.1 (/opt/ros/jazzy/share/rmw_implementation_cmake/cmake)
-- Found rmw_fastrtps_cpp: 8.4.1 (/opt/ros/jazzy/share/rmw_fastrtps_cpp/cmake)
-- Found OpenSSL: /usr/lib/aarch64-linux-gnu/libcrypto.so (found version "3.0.13")  
-- Found FastRTPS: /opt/ros/jazzy/include (Required is at least version "2.13") 
-- Using RMW implementation 'rmw_fastrtps_cpp' as default
-- Found geometry_msgs: 5.3.5 (/opt/ros/jazzy/share/geometry_msgs/cmake)
-- Found ament_lint_auto: 0.17.1 (/opt/ros/jazzy/share/ament_lint_auto/cmake)
-- Added test 'flake8' to check Python code syntax and style conventions
-- Configured 'flake8' exclude dirs and/or files: 
-- Added test 'lint_cmake' to check CMake code style
-- Added test 'pep257' to check Python code against some of the docstring style conventions in PEP 257
-- Added test 'xmllint' to check XML markup files
-- Configuring done (1.4s)
-- Generating done (0.0s)
-- Build files have been written to: /home/marcus/Documents/robotics/robot_ws/build/arise
Built target ament_cmake_python_symlink_arise
running egg_info
creating arise.egg-info
writing arise.egg-info/PKG-INFO
writing dependency_links to arise.egg-info/dependency_links.txt
writing top-level names to arise.egg-info/top_level.txt
writing manifest file 'arise.egg-info/SOURCES.txt'
reading manifest file 'arise.egg-info/SOURCES.txt'
writing manifest file 'arise.egg-info/SOURCES.txt'
Built target ament_cmake_python_build_arise_egg
-- Install configuration: ""
-- Execute custom install script
-- Up-to-date symlink: /home/marcus/Documents/robotics/robot_ws/install/arise/share/arise/launch/hexapod.launch.py
-- Up-to-date symlink: /home/marcus/Documents/robotics/robot_ws/install/arise/share/arise/launch/joystick.launch.py
-- Up-to-date symlink: /home/marcus/Documents/robotics/robot_ws/install/arise/share/arise/launch/listener.launch.py
-- Up-to-date symlink: /home/marcus/Documents/robotics/robot_ws/install/arise/share/arise/launch/talker.launch.py
-- Up-to-date symlink: /home/marcus/Documents/robotics/robot_ws/install/arise/share/arise/launch/velocity_control.launch.py
-- Up-to-date symlink: /home/marcus/Documents/robotics/robot_ws/install/arise/share/arise/config/joystick.yaml
-- Symlinking: /home/marcus/Documents/robotics/robot_ws/install/arise/share/arise/environment/pythonpath.sh
-- Symlinking: /home/marcus/Documents/robotics/robot_ws/install/arise/share/arise/environment/pythonpath.dsv
-- Symlinking: /home/marcus/Documents/robotics/robot_ws/install/arise/lib/python3.12/site-packages/arise-0.0.0-py3.12.egg-info/PKG-INFO
-- Symlinking: /home/marcus/Documents/robotics/robot_ws/install/arise/lib/python3.12/site-packages/arise-0.0.0-py3.12.egg-info/SOURCES.txt
-- Symlinking: /home/marcus/Documents/robotics/robot_ws/install/arise/lib/python3.12/site-packages/arise-0.0.0-py3.12.egg-info/dependency_links.txt
-- Symlinking: /home/marcus/Documents/robotics/robot_ws/install/arise/lib/python3.12/site-packages/arise-0.0.0-py3.12.egg-info/top_level.txt
-- Symlinking: /home/marcus/Documents/robotics/robot_ws/install/arise/lib/python3.12/site-packages/arise/__init__.py
-- Symlinking: /home/marcus/Documents/robotics/robot_ws/install/arise/lib/python3.12/site-packages/arise/module_to_import.py
-- Symlinking: /home/marcus/Documents/robotics/robot_ws/install/arise/lib/arise/vel_subscriber.py
-- Up-to-date symlink: /home/marcus/Documents/robotics/robot_ws/install/arise/share/ament_index/resource_index/package_run_dependencies/arise
-- Up-to-date symlink: /home/marcus/Documents/robotics/robot_ws/install/arise/share/ament_index/resource_index/parent_prefix_path/arise
-- Up-to-date symlink: /home/marcus/Documents/robotics/robot_ws/install/arise/share/arise/environment/ament_prefix_path.sh
-- Up-to-date symlink: /home/marcus/Documents/robotics/robot_ws/install/arise/share/arise/environment/ament_prefix_path.dsv
-- Up-to-date symlink: /home/marcus/Documents/robotics/robot_ws/install/arise/share/arise/environment/path.sh
-- Up-to-date symlink: /home/marcus/Documents/robotics/robot_ws/install/arise/share/arise/environment/path.dsv
-- Up-to-date symlink: /home/marcus/Documents/robotics/robot_ws/install/arise/share/arise/local_setup.bash
-- Up-to-date symlink: /home/marcus/Documents/robotics/robot_ws/install/arise/share/arise/local_setup.sh
-- Up-to-date symlink: /home/marcus/Documents/robotics/robot_ws/install/arise/share/arise/local_setup.zsh
-- Up-to-date symlink: /home/marcus/Documents/robotics/robot_ws/install/arise/share/arise/local_setup.dsv
-- Symlinking: /home/marcus/Documents/robotics/robot_ws/install/arise/share/arise/package.dsv
-- Up-to-date symlink: /home/marcus/Documents/robotics/robot_ws/install/arise/share/ament_index/resource_index/packages/arise
-- Up-to-date symlink: /home/marcus/Documents/robotics/robot_ws/install/arise/share/arise/cmake/ariseConfig.cmake
-- Up-to-date symlink: /home/marcus/Documents/robotics/robot_ws/install/arise/share/arise/cmake/ariseConfig-version.cmake
-- Up-to-date symlink: /home/marcus/Documents/robotics/robot_ws/install/arise/share/arise/package.xml
Listing '/home/marcus/Documents/robotics/robot_ws/install/arise/lib/python3.12/site-packages/arise'...
Compiling '/home/marcus/Documents/robotics/robot_ws/install/arise/lib/python3.12/site-packages/arise/__init__.py'...
Compiling '/home/marcus/Documents/robotics/robot_ws/install/arise/lib/python3.12/site-packages/arise/module_to_import.py'...
