[0.205s] DEBUG:colcon:Command line arguments: ['/usr/bin/colcon', 'build', '--symlink-install']
[0.205s] DEBUG:colcon:Parsed command line arguments: Namespace(log_base=None, log_level=None, verb_name='build', build_base='build', install_base='install', merge_install=False, symlink_install=True, test_result_base=None, continue_on_error=False, executor='parallel', parallel_workers=4, event_handlers=None, ignore_user_meta=False, metas=['./colcon.meta'], base_paths=['.'], packages_ignore=None, packages_ignore_regex=None, paths=None, packages_up_to=None, packages_up_to_regex=None, packages_above=None, packages_above_and_dependencies=None, packages_above_depth=None, packages_select_by_dep=None, packages_skip_by_dep=None, packages_skip_up_to=None, packages_select_build_failed=False, packages_skip_build_finished=False, packages_select_test_failures=False, packages_skip_test_passed=False, packages_select=None, packages_skip=None, packages_select_regex=None, packages_skip_regex=None, packages_start=None, packages_end=None, allow_overriding=[], cmake_args=None, cmake_target=None, cmake_target_skip_unavailable=False, cmake_clean_cache=False, cmake_clean_first=False, cmake_force_configure=False, ament_cmake_args=None, catkin_cmake_args=None, catkin_skip_building_tests=False, mixin_files=None, mixin=None, verb_parser=<colcon_mixin.mixin.mixin_argument.MixinArgumentDecorator object at 0xffffb9d9e180>, verb_extension=<colcon_core.verb.build.BuildVerb object at 0xffffb9ec8f20>, main=<bound method BuildVerb.main of <colcon_core.verb.build.BuildVerb object at 0xffffb9ec8f20>>, mixin_verb=('build',))
[0.264s] Level 1:colcon.colcon_core.package_discovery:discover_packages(colcon_meta) check parameters
[0.264s] Level 1:colcon.colcon_core.package_discovery:discover_packages(recursive) check parameters
[0.264s] Level 1:colcon.colcon_core.package_discovery:discover_packages(ignore) check parameters
[0.264s] Level 1:colcon.colcon_core.package_discovery:discover_packages(path) check parameters
[0.264s] Level 1:colcon.colcon_core.package_discovery:discover_packages(colcon_meta) discover
[0.264s] Level 1:colcon.colcon_core.package_discovery:discover_packages(recursive) discover
[0.264s] INFO:colcon.colcon_core.package_discovery:Crawling recursively for packages in '/home/marcus/Documents/robotics/robot_ws'
[0.264s] Level 1:colcon.colcon_core.package_identification:_identify(.) by extensions ['ignore', 'ignore_ament_install']
[0.264s] Level 1:colcon.colcon_core.package_identification:_identify(.) by extension 'ignore'
[0.264s] Level 1:colcon.colcon_core.package_identification:_identify(.) by extension 'ignore_ament_install'
[0.265s] Level 1:colcon.colcon_core.package_identification:_identify(.) by extensions ['colcon_pkg']
[0.265s] Level 1:colcon.colcon_core.package_identification:_identify(.) by extension 'colcon_pkg'
[0.265s] Level 1:colcon.colcon_core.package_identification:_identify(.) by extensions ['colcon_meta']
[0.265s] Level 1:colcon.colcon_core.package_identification:_identify(.) by extension 'colcon_meta'
[0.265s] Level 1:colcon.colcon_core.package_identification:_identify(.) by extensions ['ros']
[0.265s] Level 1:colcon.colcon_core.package_identification:_identify(.) by extension 'ros'
[0.310s] Level 1:colcon.colcon_core.package_identification:_identify(.) by extensions ['cmake', 'python']
[0.311s] Level 1:colcon.colcon_core.package_identification:_identify(.) by extension 'cmake'
[0.311s] Level 1:colcon.colcon_core.package_identification:_identify(.) by extension 'python'
[0.311s] Level 1:colcon.colcon_core.package_identification:_identify(.) by extensions ['python_setup_py']
[0.311s] Level 1:colcon.colcon_core.package_identification:_identify(.) by extension 'python_setup_py'
[0.311s] Level 1:colcon.colcon_core.package_identification:_identify(build) by extensions ['ignore', 'ignore_ament_install']
[0.311s] Level 1:colcon.colcon_core.package_identification:_identify(build) by extension 'ignore'
[0.311s] Level 1:colcon.colcon_core.package_identification:_identify(build) ignored
[0.312s] Level 1:colcon.colcon_core.package_identification:_identify(install) by extensions ['ignore', 'ignore_ament_install']
[0.312s] Level 1:colcon.colcon_core.package_identification:_identify(install) by extension 'ignore'
[0.312s] Level 1:colcon.colcon_core.package_identification:_identify(install) ignored
[0.312s] Level 1:colcon.colcon_core.package_identification:_identify(log) by extensions ['ignore', 'ignore_ament_install']
[0.312s] Level 1:colcon.colcon_core.package_identification:_identify(log) by extension 'ignore'
[0.312s] Level 1:colcon.colcon_core.package_identification:_identify(log) ignored
[0.312s] Level 1:colcon.colcon_core.package_identification:_identify(src) by extensions ['ignore', 'ignore_ament_install']
[0.312s] Level 1:colcon.colcon_core.package_identification:_identify(src) by extension 'ignore'
[0.312s] Level 1:colcon.colcon_core.package_identification:_identify(src) by extension 'ignore_ament_install'
[0.313s] Level 1:colcon.colcon_core.package_identification:_identify(src) by extensions ['colcon_pkg']
[0.313s] Level 1:colcon.colcon_core.package_identification:_identify(src) by extension 'colcon_pkg'
[0.313s] Level 1:colcon.colcon_core.package_identification:_identify(src) by extensions ['colcon_meta']
[0.313s] Level 1:colcon.colcon_core.package_identification:_identify(src) by extension 'colcon_meta'
[0.313s] Level 1:colcon.colcon_core.package_identification:_identify(src) by extensions ['ros']
[0.313s] Level 1:colcon.colcon_core.package_identification:_identify(src) by extension 'ros'
[0.313s] Level 1:colcon.colcon_core.package_identification:_identify(src) by extensions ['cmake', 'python']
[0.313s] Level 1:colcon.colcon_core.package_identification:_identify(src) by extension 'cmake'
[0.313s] Level 1:colcon.colcon_core.package_identification:_identify(src) by extension 'python'
[0.313s] Level 1:colcon.colcon_core.package_identification:_identify(src) by extensions ['python_setup_py']
[0.313s] Level 1:colcon.colcon_core.package_identification:_identify(src) by extension 'python_setup_py'
[0.313s] Level 1:colcon.colcon_core.package_identification:_identify(src/arise) by extensions ['ignore', 'ignore_ament_install']
[0.313s] Level 1:colcon.colcon_core.package_identification:_identify(src/arise) by extension 'ignore'
[0.313s] Level 1:colcon.colcon_core.package_identification:_identify(src/arise) by extension 'ignore_ament_install'
[0.314s] Level 1:colcon.colcon_core.package_identification:_identify(src/arise) by extensions ['colcon_pkg']
[0.314s] Level 1:colcon.colcon_core.package_identification:_identify(src/arise) by extension 'colcon_pkg'
[0.314s] Level 1:colcon.colcon_core.package_identification:_identify(src/arise) by extensions ['colcon_meta']
[0.314s] Level 1:colcon.colcon_core.package_identification:_identify(src/arise) by extension 'colcon_meta'
[0.314s] Level 1:colcon.colcon_core.package_identification:_identify(src/arise) by extensions ['ros']
[0.314s] Level 1:colcon.colcon_core.package_identification:_identify(src/arise) by extension 'ros'
[0.318s] DEBUG:colcon.colcon_core.package_identification:Package 'src/arise' with type 'ros.ament_cmake' and name 'arise'
[0.320s] Level 1:colcon.colcon_core.package_discovery:discover_packages(recursive) using defaults
[0.320s] Level 1:colcon.colcon_core.package_discovery:discover_packages(ignore) discover
[0.320s] Level 1:colcon.colcon_core.package_discovery:discover_packages(ignore) using defaults
[0.320s] Level 1:colcon.colcon_core.package_discovery:discover_packages(path) discover
[0.320s] Level 1:colcon.colcon_core.package_discovery:discover_packages(path) using defaults
[0.399s] Level 1:colcon.colcon_core.package_discovery:discover_packages(prefix_path) check parameters
[0.400s] Level 1:colcon.colcon_core.package_discovery:discover_packages(prefix_path) discover
[0.407s] DEBUG:colcon.colcon_installed_package_information.package_discovery:Found 1 installed packages in /home/marcus/Documents/robotics/robot_ws/install
[0.409s] DEBUG:colcon.colcon_installed_package_information.package_discovery:Found 285 installed packages in /opt/ros/jazzy
[0.413s] Level 1:colcon.colcon_core.package_discovery:discover_packages(prefix_path) using defaults
[0.483s] Level 5:colcon.colcon_core.verb:set package 'arise' build argument 'cmake_args' from command line to 'None'
[0.483s] Level 5:colcon.colcon_core.verb:set package 'arise' build argument 'cmake_target' from command line to 'None'
[0.483s] Level 5:colcon.colcon_core.verb:set package 'arise' build argument 'cmake_target_skip_unavailable' from command line to 'False'
[0.483s] Level 5:colcon.colcon_core.verb:set package 'arise' build argument 'cmake_clean_cache' from command line to 'False'
[0.483s] Level 5:colcon.colcon_core.verb:set package 'arise' build argument 'cmake_clean_first' from command line to 'False'
[0.483s] Level 5:colcon.colcon_core.verb:set package 'arise' build argument 'cmake_force_configure' from command line to 'False'
[0.483s] Level 5:colcon.colcon_core.verb:set package 'arise' build argument 'ament_cmake_args' from command line to 'None'
[0.483s] Level 5:colcon.colcon_core.verb:set package 'arise' build argument 'catkin_cmake_args' from command line to 'None'
[0.483s] Level 5:colcon.colcon_core.verb:set package 'arise' build argument 'catkin_skip_building_tests' from command line to 'False'
[0.483s] DEBUG:colcon.colcon_core.verb:Building package 'arise' with the following arguments: {'ament_cmake_args': None, 'build_base': '/home/marcus/Documents/robotics/robot_ws/build/arise', 'catkin_cmake_args': None, 'catkin_skip_building_tests': False, 'cmake_args': None, 'cmake_clean_cache': False, 'cmake_clean_first': False, 'cmake_force_configure': False, 'cmake_target': None, 'cmake_target_skip_unavailable': False, 'install_base': '/home/marcus/Documents/robotics/robot_ws/install/arise', 'merge_install': False, 'path': '/home/marcus/Documents/robotics/robot_ws/src/arise', 'symlink_install': True, 'test_result_base': None}
[0.483s] INFO:colcon.colcon_core.executor:Executing jobs using 'parallel' executor
[0.485s] DEBUG:colcon.colcon_parallel_executor.executor.parallel:run_until_complete
[0.485s] INFO:colcon.colcon_ros.task.ament_cmake.build:Building ROS package in '/home/marcus/Documents/robotics/robot_ws/src/arise' with build type 'ament_cmake'
[0.486s] INFO:colcon.colcon_cmake.task.cmake.build:Building CMake package in '/home/marcus/Documents/robotics/robot_ws/src/arise'
[0.500s] INFO:colcon.colcon_core.plugin_system:Skipping extension 'colcon_core.shell.bat': Not used on non-Windows systems
[0.500s] INFO:colcon.colcon_core.shell:Skip shell extension 'powershell' for command environment: Not usable outside of PowerShell
[0.501s] DEBUG:colcon.colcon_core.shell:Skip shell extension 'dsv' for command environment
[0.520s] DEBUG:colcon.colcon_core.event_handler.log_command:Invoking command in '/home/marcus/Documents/robotics/robot_ws/build/arise': CMAKE_PREFIX_PATH=${CMAKE_PREFIX_PATH}:/opt/ros/jazzy DEBUGINFOD_URLS=https://debuginfod.ubuntu.com /usr/bin/cmake --build /home/marcus/Documents/robotics/robot_ws/build/arise -- -j4 -l4
[3.071s] DEBUG:colcon.colcon_core.event_handler.log_command:Invoked command in '/home/marcus/Documents/robotics/robot_ws/build/arise' returned '0': CMAKE_PREFIX_PATH=${CMAKE_PREFIX_PATH}:/opt/ros/jazzy DEBUGINFOD_URLS=https://debuginfod.ubuntu.com /usr/bin/cmake --build /home/marcus/Documents/robotics/robot_ws/build/arise -- -j4 -l4
[3.136s] DEBUG:colcon.colcon_core.event_handler.log_command:Invoking command in '/home/marcus/Documents/robotics/robot_ws/build/arise': CMAKE_PREFIX_PATH=${CMAKE_PREFIX_PATH}:/opt/ros/jazzy DEBUGINFOD_URLS=https://debuginfod.ubuntu.com /usr/bin/cmake --install /home/marcus/Documents/robotics/robot_ws/build/arise
[3.452s] Level 1:colcon.colcon_core.environment:create_environment_scripts_only(arise)
[3.453s] DEBUG:colcon.colcon_core.event_handler.log_command:Invoked command in '/home/marcus/Documents/robotics/robot_ws/build/arise' returned '0': CMAKE_PREFIX_PATH=${CMAKE_PREFIX_PATH}:/opt/ros/jazzy DEBUGINFOD_URLS=https://debuginfod.ubuntu.com /usr/bin/cmake --install /home/marcus/Documents/robotics/robot_ws/build/arise
[3.462s] Level 1:colcon.colcon_core.environment:checking '/home/marcus/Documents/robotics/robot_ws/install/arise' for CMake module files
[3.463s] Level 1:colcon.colcon_core.environment:checking '/home/marcus/Documents/robotics/robot_ws/install/arise' for CMake config files
[3.464s] Level 1:colcon.colcon_core.shell:create_environment_hook('arise', 'cmake_prefix_path')
[3.464s] INFO:colcon.colcon_core.shell:Creating environment hook '/home/marcus/Documents/robotics/robot_ws/install/arise/share/arise/hook/cmake_prefix_path.ps1'
[3.466s] INFO:colcon.colcon_core.shell:Creating environment descriptor '/home/marcus/Documents/robotics/robot_ws/install/arise/share/arise/hook/cmake_prefix_path.dsv'
[3.472s] INFO:colcon.colcon_core.shell:Creating environment hook '/home/marcus/Documents/robotics/robot_ws/install/arise/share/arise/hook/cmake_prefix_path.sh'
[3.477s] Level 1:colcon.colcon_core.environment:checking '/home/marcus/Documents/robotics/robot_ws/install/arise/lib'
[3.477s] Level 1:colcon.colcon_core.environment:checking '/home/marcus/Documents/robotics/robot_ws/install/arise/bin'
[3.477s] Level 1:colcon.colcon_core.environment:checking '/home/marcus/Documents/robotics/robot_ws/install/arise/lib/pkgconfig/arise.pc'
[3.478s] Level 1:colcon.colcon_core.environment:checking '/home/marcus/Documents/robotics/robot_ws/install/arise/lib/python3.12/site-packages'
[3.478s] Level 1:colcon.colcon_core.shell:create_environment_hook('arise', 'pythonpath')
[3.478s] INFO:colcon.colcon_core.shell:Creating environment hook '/home/marcus/Documents/robotics/robot_ws/install/arise/share/arise/hook/pythonpath.ps1'
[3.480s] INFO:colcon.colcon_core.shell:Creating environment descriptor '/home/marcus/Documents/robotics/robot_ws/install/arise/share/arise/hook/pythonpath.dsv'
[3.484s] INFO:colcon.colcon_core.shell:Creating environment hook '/home/marcus/Documents/robotics/robot_ws/install/arise/share/arise/hook/pythonpath.sh'
[3.487s] Level 1:colcon.colcon_core.environment:checking '/home/marcus/Documents/robotics/robot_ws/install/arise/bin'
[3.488s] INFO:colcon.colcon_core.shell:Creating package script '/home/marcus/Documents/robotics/robot_ws/install/arise/share/arise/package.ps1'
[3.516s] INFO:colcon.colcon_core.shell:Creating package descriptor '/home/marcus/Documents/robotics/robot_ws/install/arise/share/arise/package.dsv'
[3.522s] INFO:colcon.colcon_core.shell:Creating package script '/home/marcus/Documents/robotics/robot_ws/install/arise/share/arise/package.sh'
[3.523s] INFO:colcon.colcon_core.shell:Creating package script '/home/marcus/Documents/robotics/robot_ws/install/arise/share/arise/package.bash'
[3.529s] INFO:colcon.colcon_core.shell:Creating package script '/home/marcus/Documents/robotics/robot_ws/install/arise/share/arise/package.zsh'
[3.533s] Level 1:colcon.colcon_core.environment:create_file_with_runtime_dependencies(/home/marcus/Documents/robotics/robot_ws/install/arise/share/colcon-core/packages/arise)
[3.577s] Level 1:colcon.colcon_core.environment:create_environment_scripts_only(arise)
[3.578s] Level 1:colcon.colcon_core.environment:checking '/home/marcus/Documents/robotics/robot_ws/install/arise' for CMake module files
[3.579s] Level 1:colcon.colcon_core.environment:checking '/home/marcus/Documents/robotics/robot_ws/install/arise' for CMake config files
[3.579s] Level 1:colcon.colcon_core.shell:create_environment_hook('arise', 'cmake_prefix_path')
[3.579s] INFO:colcon.colcon_core.shell:Creating environment hook '/home/marcus/Documents/robotics/robot_ws/install/arise/share/arise/hook/cmake_prefix_path.ps1'
[3.580s] INFO:colcon.colcon_core.shell:Creating environment descriptor '/home/marcus/Documents/robotics/robot_ws/install/arise/share/arise/hook/cmake_prefix_path.dsv'
[3.606s] INFO:colcon.colcon_core.shell:Creating environment hook '/home/marcus/Documents/robotics/robot_ws/install/arise/share/arise/hook/cmake_prefix_path.sh'
[3.609s] Level 1:colcon.colcon_core.environment:checking '/home/marcus/Documents/robotics/robot_ws/install/arise/lib'
[3.610s] Level 1:colcon.colcon_core.environment:checking '/home/marcus/Documents/robotics/robot_ws/install/arise/bin'
[3.610s] Level 1:colcon.colcon_core.environment:checking '/home/marcus/Documents/robotics/robot_ws/install/arise/lib/pkgconfig/arise.pc'
[3.610s] Level 1:colcon.colcon_core.environment:checking '/home/marcus/Documents/robotics/robot_ws/install/arise/lib/python3.12/site-packages'
[3.610s] Level 1:colcon.colcon_core.shell:create_environment_hook('arise', 'pythonpath')
[3.611s] INFO:colcon.colcon_core.shell:Creating environment hook '/home/marcus/Documents/robotics/robot_ws/install/arise/share/arise/hook/pythonpath.ps1'
[3.613s] INFO:colcon.colcon_core.shell:Creating environment descriptor '/home/marcus/Documents/robotics/robot_ws/install/arise/share/arise/hook/pythonpath.dsv'
[3.616s] INFO:colcon.colcon_core.shell:Creating environment hook '/home/marcus/Documents/robotics/robot_ws/install/arise/share/arise/hook/pythonpath.sh'
[3.620s] Level 1:colcon.colcon_core.environment:checking '/home/marcus/Documents/robotics/robot_ws/install/arise/bin'
[3.621s] INFO:colcon.colcon_core.shell:Creating package script '/home/marcus/Documents/robotics/robot_ws/install/arise/share/arise/package.ps1'
[3.623s] INFO:colcon.colcon_core.shell:Creating package descriptor '/home/marcus/Documents/robotics/robot_ws/install/arise/share/arise/package.dsv'
[3.627s] INFO:colcon.colcon_core.shell:Creating package script '/home/marcus/Documents/robotics/robot_ws/install/arise/share/arise/package.sh'
[3.630s] INFO:colcon.colcon_core.shell:Creating package script '/home/marcus/Documents/robotics/robot_ws/install/arise/share/arise/package.bash'
[3.655s] INFO:colcon.colcon_core.shell:Creating package script '/home/marcus/Documents/robotics/robot_ws/install/arise/share/arise/package.zsh'
[3.660s] Level 1:colcon.colcon_core.environment:create_file_with_runtime_dependencies(/home/marcus/Documents/robotics/robot_ws/install/arise/share/colcon-core/packages/arise)
[3.664s] DEBUG:colcon.colcon_parallel_executor.executor.parallel:closing loop
[3.664s] DEBUG:colcon.colcon_parallel_executor.executor.parallel:loop closed
[3.665s] DEBUG:colcon.colcon_parallel_executor.executor.parallel:run_until_complete finished with '0'
[3.665s] DEBUG:colcon.colcon_core.event_reactor:joining thread
[3.691s] INFO:colcon.colcon_core.plugin_system:Skipping extension 'colcon_notification.desktop_notification.terminal_notifier': Not used on non-Darwin systems
[3.692s] INFO:colcon.colcon_core.plugin_system:Skipping extension 'colcon_notification.desktop_notification.win32': Not used on non-Windows systems
[3.692s] INFO:colcon.colcon_notification.desktop_notification:Sending desktop notification using 'notify2'
[3.725s] DEBUG:colcon.colcon_core.event_reactor:joined thread
[3.725s] INFO:colcon.colcon_core.shell:Creating prefix script '/home/marcus/Documents/robotics/robot_ws/install/local_setup.ps1'
[3.727s] INFO:colcon.colcon_core.shell:Creating prefix util module '/home/marcus/Documents/robotics/robot_ws/install/_local_setup_util_ps1.py'
[3.734s] INFO:colcon.colcon_core.shell:Creating prefix chain script '/home/marcus/Documents/robotics/robot_ws/install/setup.ps1'
[3.742s] INFO:colcon.colcon_core.shell:Creating prefix script '/home/marcus/Documents/robotics/robot_ws/install/local_setup.sh'
[3.746s] INFO:colcon.colcon_core.shell:Creating prefix util module '/home/marcus/Documents/robotics/robot_ws/install/_local_setup_util_sh.py'
[3.749s] INFO:colcon.colcon_core.shell:Creating prefix chain script '/home/marcus/Documents/robotics/robot_ws/install/setup.sh'
[3.754s] INFO:colcon.colcon_core.shell:Creating prefix script '/home/marcus/Documents/robotics/robot_ws/install/local_setup.bash'
[3.759s] INFO:colcon.colcon_core.shell:Creating prefix chain script '/home/marcus/Documents/robotics/robot_ws/install/setup.bash'
[3.764s] INFO:colcon.colcon_core.shell:Creating prefix script '/home/marcus/Documents/robotics/robot_ws/install/local_setup.zsh'
[3.768s] INFO:colcon.colcon_core.shell:Creating prefix chain script '/home/marcus/Documents/robotics/robot_ws/install/setup.zsh'
