[0.028s] Invoking command in '/home/marcus/Documents/robotics/robot_ws/build/arise': CMAKE_PREFIX_PATH=${CMAKE_PREFIX_PATH}:/opt/ros/jazzy DEBUGINFOD_URLS=https://debuginfod.ubuntu.com /usr/bin/cmake --build /home/marcus/Documents/robotics/robot_ws/build/arise -- -j4 -l4
[0.072s] -- Found ament_cmake: 2.5.2 (/opt/ros/jazzy/share/ament_cmake/cmake)
[0.443s] -- Override CMake install command with custom implementation using symlinks instead of copying resources
[0.465s] -- Found rclpy: 7.1.1 (/opt/ros/jazzy/share/rclpy/cmake)
[0.466s] -- Found geometry_msgs: 5.3.5 (/opt/ros/jazzy/share/geometry_msgs/cmake)
[0.510s] -- Found rosidl_generator_c: 4.6.3 (/opt/ros/jazzy/share/rosidl_generator_c/cmake)
[0.531s] -- Found rosidl_generator_cpp: 4.6.3 (/opt/ros/jazzy/share/rosidl_generator_cpp/cmake)
[0.551s] -- Using all available rosidl_typesupport_c: rosidl_typesupport_fastrtps_c;rosidl_typesupport_introspection_c
[0.575s] -- Using all available rosidl_typesupport_cpp: rosidl_typesupport_fastrtps_cpp;rosidl_typesupport_introspection_cpp
[0.641s] -- Found ament_lint_auto: 0.17.1 (/opt/ros/jazzy/share/ament_lint_auto/cmake)
[0.825s] -- Added test 'flake8' to check Python code syntax and style conventions
[0.825s] -- Configured 'flake8' exclude dirs and/or files: 
[0.825s] -- Added test 'lint_cmake' to check CMake code style
[0.826s] -- Added test 'pep257' to check Python code against some of the docstring style conventions in PEP 257
[0.828s] -- Added test 'xmllint' to check XML markup files
[0.829s] -- Configuring done (0.8s)
[0.844s] -- Generating done (0.0s)
[0.849s] -- Build files have been written to: /home/marcus/Documents/robotics/robot_ws/build/arise
[0.894s] Invoked command in '/home/marcus/Documents/robotics/robot_ws/build/arise' returned '0': CMAKE_PREFIX_PATH=${CMAKE_PREFIX_PATH}:/opt/ros/jazzy DEBUGINFOD_URLS=https://debuginfod.ubuntu.com /usr/bin/cmake --build /home/marcus/Documents/robotics/robot_ws/build/arise -- -j4 -l4
[0.951s] Invoking command in '/home/marcus/Documents/robotics/robot_ws/build/arise': CMAKE_PREFIX_PATH=${CMAKE_PREFIX_PATH}:/opt/ros/jazzy DEBUGINFOD_URLS=https://debuginfod.ubuntu.com /usr/bin/cmake --install /home/marcus/Documents/robotics/robot_ws/build/arise
[0.964s] -- Install configuration: ""
[0.965s] -- Execute custom install script
[0.966s] -- Symlinking: /home/marcus/Documents/robotics/robot_ws/install/arise/share/arise/launch/hexapod.launch.py
[0.984s] -- Symlinking: /home/marcus/Documents/robotics/robot_ws/install/arise/share/arise/launch/joystick.launch.py
[1.045s] -- Symlinking: /home/marcus/Documents/robotics/robot_ws/install/arise/share/arise/launch/listener.launch.py
[1.063s] -- Symlinking: /home/marcus/Documents/robotics/robot_ws/install/arise/share/arise/launch/talker.launch.py
[1.084s] -- Symlinking: /home/marcus/Documents/robotics/robot_ws/install/arise/share/arise/launch/velocity_control.launch.py
[1.101s] -- Up-to-date symlink: /home/marcus/Documents/robotics/robot_ws/install/arise/share/ament_index/resource_index/package_run_dependencies/arise
[1.102s] -- Up-to-date symlink: /home/marcus/Documents/robotics/robot_ws/install/arise/share/ament_index/resource_index/parent_prefix_path/arise
[1.103s] -- Up-to-date symlink: /home/marcus/Documents/robotics/robot_ws/install/arise/share/arise/environment/ament_prefix_path.sh
[1.103s] -- Up-to-date symlink: /home/marcus/Documents/robotics/robot_ws/install/arise/share/arise/environment/ament_prefix_path.dsv
[1.103s] -- Up-to-date symlink: /home/marcus/Documents/robotics/robot_ws/install/arise/share/arise/environment/path.sh
[1.104s] -- Up-to-date symlink: /home/marcus/Documents/robotics/robot_ws/install/arise/share/arise/environment/path.dsv
[1.104s] -- Up-to-date symlink: /home/marcus/Documents/robotics/robot_ws/install/arise/share/arise/local_setup.bash
[1.104s] -- Up-to-date symlink: /home/marcus/Documents/robotics/robot_ws/install/arise/share/arise/local_setup.sh
[1.105s] -- Up-to-date symlink: /home/marcus/Documents/robotics/robot_ws/install/arise/share/arise/local_setup.zsh
[1.105s] -- Up-to-date symlink: /home/marcus/Documents/robotics/robot_ws/install/arise/share/arise/local_setup.dsv
[1.105s] -- Symlinking: /home/marcus/Documents/robotics/robot_ws/install/arise/share/arise/package.dsv
[1.126s] -- Up-to-date symlink: /home/marcus/Documents/robotics/robot_ws/install/arise/share/ament_index/resource_index/packages/arise
[1.126s] -- Up-to-date symlink: /home/marcus/Documents/robotics/robot_ws/install/arise/share/arise/cmake/ariseConfig.cmake
[1.126s] -- Up-to-date symlink: /home/marcus/Documents/robotics/robot_ws/install/arise/share/arise/cmake/ariseConfig-version.cmake
[1.126s] -- Up-to-date symlink: /home/marcus/Documents/robotics/robot_ws/install/arise/share/arise/package.xml
[1.130s] Invoked command in '/home/marcus/Documents/robotics/robot_ws/build/arise' returned '0': CMAKE_PREFIX_PATH=${CMAKE_PREFIX_PATH}:/opt/ros/jazzy DEBUGINFOD_URLS=https://debuginfod.ubuntu.com /usr/bin/cmake --install /home/marcus/Documents/robotics/robot_ws/build/arise
