[0.023s] Invoking command in '/home/marcus/Documents/robotics/robot_ws/build/arise': CMAKE_PREFIX_PATH=${CMAKE_PREFIX_PATH}:/opt/ros/jazzy DEBUGINFOD_URLS=https://debuginfod.ubuntu.com /usr/bin/cmake --build /home/marcus/Documents/robotics/robot_ws/build/arise -- -j4 -l4
[0.140s] Built target ament_cmake_python_symlink_arise
[0.559s] running egg_info
[0.597s] writing arise.egg-info/PKG-INFO
[0.598s] writing dependency_links to arise.egg-info/dependency_links.txt
[0.606s] writing top-level names to arise.egg-info/top_level.txt
[0.722s] reading manifest file 'arise.egg-info/SOURCES.txt'
[0.723s] writing manifest file 'arise.egg-info/SOURCES.txt'
[0.810s] Built target ament_cmake_python_build_arise_egg
[0.831s] Invoked command in '/home/marcus/Documents/robotics/robot_ws/build/arise' returned '0': CMAKE_PREFIX_PATH=${CMAKE_PREFIX_PATH}:/opt/ros/jazzy DEBUGINFOD_URLS=https://debuginfod.ubuntu.com /usr/bin/cmake --build /home/marcus/Documents/robotics/robot_ws/build/arise -- -j4 -l4
[0.888s] Invoking command in '/home/marcus/Documents/robotics/robot_ws/build/arise': CMAKE_PREFIX_PATH=${CMAKE_PREFIX_PATH}:/opt/ros/jazzy DEBUGINFOD_URLS=https://debuginfod.ubuntu.com /usr/bin/cmake --install /home/marcus/Documents/robotics/robot_ws/build/arise
[0.904s] -- Install configuration: ""
[0.905s] -- Execute custom install script
[0.907s] -- Up-to-date symlink: /home/marcus/Documents/robotics/robot_ws/install/arise/share/arise/launch/joystick.launch.py
[0.907s] -- Up-to-date symlink: /home/marcus/Documents/robotics/robot_ws/install/arise/share/arise/launch/serial_connection.launch.py
[0.907s] -- Up-to-date symlink: /home/marcus/Documents/robotics/robot_ws/install/arise/share/arise/launch/velocity_control.launch.py
[0.908s] -- Up-to-date symlink: /home/marcus/Documents/robotics/robot_ws/install/arise/share/arise/config/joystick.yaml
[0.909s] -- Up-to-date symlink: /home/marcus/Documents/robotics/robot_ws/install/arise/share/arise/environment/pythonpath.sh
[0.909s] -- Up-to-date symlink: /home/marcus/Documents/robotics/robot_ws/install/arise/share/arise/environment/pythonpath.dsv
[0.909s] -- Up-to-date symlink: /home/marcus/Documents/robotics/robot_ws/install/arise/lib/python3.12/site-packages/arise-0.0.0-py3.12.egg-info/PKG-INFO
[0.909s] -- Up-to-date symlink: /home/marcus/Documents/robotics/robot_ws/install/arise/lib/python3.12/site-packages/arise-0.0.0-py3.12.egg-info/SOURCES.txt
[0.909s] -- Up-to-date symlink: /home/marcus/Documents/robotics/robot_ws/install/arise/lib/python3.12/site-packages/arise-0.0.0-py3.12.egg-info/dependency_links.txt
[0.909s] -- Up-to-date symlink: /home/marcus/Documents/robotics/robot_ws/install/arise/lib/python3.12/site-packages/arise-0.0.0-py3.12.egg-info/top_level.txt
[0.910s] -- Up-to-date symlink: /home/marcus/Documents/robotics/robot_ws/install/arise/lib/python3.12/site-packages/arise/__init__.py
[0.910s] -- Up-to-date symlink: /home/marcus/Documents/robotics/robot_ws/install/arise/lib/python3.12/site-packages/arise/module_to_import.py
[0.910s] -- Up-to-date symlink: /home/marcus/Documents/robotics/robot_ws/install/arise/lib/arise/vel_sub_pub.py
[0.910s] -- Up-to-date symlink: /home/marcus/Documents/robotics/robot_ws/install/arise/lib/arise/serial_sub_pub.py
[0.911s] -- Up-to-date symlink: /home/marcus/Documents/robotics/robot_ws/install/arise/share/ament_index/resource_index/package_run_dependencies/arise
[0.911s] -- Up-to-date symlink: /home/marcus/Documents/robotics/robot_ws/install/arise/share/ament_index/resource_index/parent_prefix_path/arise
[0.911s] -- Up-to-date symlink: /home/marcus/Documents/robotics/robot_ws/install/arise/share/arise/environment/ament_prefix_path.sh
[0.911s] -- Up-to-date symlink: /home/marcus/Documents/robotics/robot_ws/install/arise/share/arise/environment/ament_prefix_path.dsv
[0.912s] -- Up-to-date symlink: /home/marcus/Documents/robotics/robot_ws/install/arise/share/arise/environment/path.sh
[0.912s] -- Up-to-date symlink: /home/marcus/Documents/robotics/robot_ws/install/arise/share/arise/environment/path.dsv
[0.912s] -- Up-to-date symlink: /home/marcus/Documents/robotics/robot_ws/install/arise/share/arise/local_setup.bash
[0.912s] -- Up-to-date symlink: /home/marcus/Documents/robotics/robot_ws/install/arise/share/arise/local_setup.sh
[0.913s] -- Up-to-date symlink: /home/marcus/Documents/robotics/robot_ws/install/arise/share/arise/local_setup.zsh
[0.913s] -- Up-to-date symlink: /home/marcus/Documents/robotics/robot_ws/install/arise/share/arise/local_setup.dsv
[0.913s] -- Symlinking: /home/marcus/Documents/robotics/robot_ws/install/arise/share/arise/package.dsv
[0.939s] -- Up-to-date symlink: /home/marcus/Documents/robotics/robot_ws/install/arise/share/ament_index/resource_index/packages/arise
[0.940s] -- Up-to-date symlink: /home/marcus/Documents/robotics/robot_ws/install/arise/share/arise/cmake/ariseConfig.cmake
[0.940s] -- Up-to-date symlink: /home/marcus/Documents/robotics/robot_ws/install/arise/share/arise/cmake/ariseConfig-version.cmake
[0.940s] -- Up-to-date symlink: /home/marcus/Documents/robotics/robot_ws/install/arise/share/arise/package.xml
[0.996s] Listing '/home/marcus/Documents/robotics/robot_ws/install/arise/lib/python3.12/site-packages/arise'...
[1.019s] Invoked command in '/home/marcus/Documents/robotics/robot_ws/build/arise' returned '0': CMAKE_PREFIX_PATH=${CMAKE_PREFIX_PATH}:/opt/ros/jazzy DEBUGINFOD_URLS=https://debuginfod.ubuntu.com /usr/bin/cmake --install /home/marcus/Documents/robotics/robot_ws/build/arise
