[0.008s] Invoking command in '/home/madyhr/robotics/dev_ws/src/arise/build/arise': CMAKE_PREFIX_PATH=${CMAKE_PREFIX_PATH}:/opt/ros/jazzy /usr/bin/cmake /home/madyhr/robotics/dev_ws/src/arise -DAMENT_CMAKE_SYMLINK_INSTALL=1 -DCMAKE_INSTALL_PREFIX=/home/madyhr/robotics/dev_ws/src/arise/install/arise
[0.095s] -- The C compiler identification is GNU 13.2.0
[0.482s] -- The CXX compiler identification is GNU 13.2.0
[0.839s] -- Detecting C compiler ABI info
[1.001s] -- Detecting C compiler ABI info - done
[1.009s] -- Check for working C compiler: /usr/bin/cc - skipped
[1.009s] -- Detecting C compile features
[1.009s] -- Detecting C compile features - done
[1.067s] -- Detecting CXX compiler ABI info
[1.234s] -- Detecting CXX compiler ABI info - done
[1.241s] -- Check for working CXX compiler: /usr/bin/c++ - skipped
[1.241s] -- Detecting CXX compile features
[1.241s] -- Detecting CXX compile features - done
[1.244s] -- Found ament_cmake: 2.5.0 (/opt/ros/jazzy/share/ament_cmake/cmake)
[1.348s] -- Found Python3: /usr/bin/python3 (found version "3.12.3") found components: Interpreter 
[1.403s] -- Override CMake install command with custom implementation using symlinks instead of copying resources
[1.426s] -- Found ament_lint_auto: 0.17.0 (/opt/ros/jazzy/share/ament_lint_auto/cmake)
[1.522s] -- Added test 'cppcheck' to perform static code analysis on C / C++ code
[1.522s] -- Configured cppcheck include dirs: 
[1.522s] -- Configured cppcheck exclude dirs and/or files: 
[1.525s] -- Added test 'flake8' to check Python code syntax and style conventions
[1.525s] -- Configured 'flake8' exclude dirs and/or files: 
[1.530s] -- Added test 'lint_cmake' to check CMake code style
[1.533s] -- Added test 'pep257' to check Python code against some of the docstring style conventions in PEP 257
[1.553s] -- Added test 'uncrustify' to check C / C++ code style
[1.553s] -- Configured uncrustify additional arguments: 
[1.557s] -- Added test 'xmllint' to check XML markup files
[1.558s] -- Configuring done (1.5s)
[1.563s] -- Generating done (0.0s)
[1.564s] -- Build files have been written to: /home/madyhr/robotics/dev_ws/src/arise/build/arise
[1.568s] Invoked command in '/home/madyhr/robotics/dev_ws/src/arise/build/arise' returned '0': CMAKE_PREFIX_PATH=${CMAKE_PREFIX_PATH}:/opt/ros/jazzy /usr/bin/cmake /home/madyhr/robotics/dev_ws/src/arise -DAMENT_CMAKE_SYMLINK_INSTALL=1 -DCMAKE_INSTALL_PREFIX=/home/madyhr/robotics/dev_ws/src/arise/install/arise
[1.569s] Invoking command in '/home/madyhr/robotics/dev_ws/src/arise/build/arise': CMAKE_PREFIX_PATH=${CMAKE_PREFIX_PATH}:/opt/ros/jazzy /usr/bin/cmake --build /home/madyhr/robotics/dev_ws/src/arise/build/arise -- -j16 -l16
[1.596s] Invoked command in '/home/madyhr/robotics/dev_ws/src/arise/build/arise' returned '0': CMAKE_PREFIX_PATH=${CMAKE_PREFIX_PATH}:/opt/ros/jazzy /usr/bin/cmake --build /home/madyhr/robotics/dev_ws/src/arise/build/arise -- -j16 -l16
[1.617s] Invoking command in '/home/madyhr/robotics/dev_ws/src/arise/build/arise': CMAKE_PREFIX_PATH=${CMAKE_PREFIX_PATH}:/opt/ros/jazzy /usr/bin/cmake --install /home/madyhr/robotics/dev_ws/src/arise/build/arise
[1.623s] -- Install configuration: ""
[1.623s] -- Execute custom install script
[1.623s] -- Up-to-date symlink: /home/madyhr/robotics/dev_ws/src/arise/install/arise/share/arise/launch/hexapod.launch.py
[1.623s] -- Up-to-date symlink: /home/madyhr/robotics/dev_ws/src/arise/install/arise/share/arise/launch/listener.launch.py
[1.623s] -- Up-to-date symlink: /home/madyhr/robotics/dev_ws/src/arise/install/arise/share/arise/launch/talker.launch.py
[1.623s] -- Up-to-date symlink: /home/madyhr/robotics/dev_ws/src/arise/install/arise/share/arise/launch/velocity_control.launch.py
[1.624s] -- Up-to-date symlink: /home/madyhr/robotics/dev_ws/src/arise/install/arise/share/arise/scripts/helper_functions.py
[1.624s] -- Up-to-date symlink: /home/madyhr/robotics/dev_ws/src/arise/install/arise/share/arise/scripts/hexapod.py
[1.624s] -- Up-to-date symlink: /home/madyhr/robotics/dev_ws/src/arise/install/arise/share/arise/scripts/hexapod_kinematics.py
[1.624s] -- Up-to-date symlink: /home/madyhr/robotics/dev_ws/src/arise/install/arise/share/arise/scripts/spider_leg.py
[1.624s] -- Up-to-date symlink: /home/madyhr/robotics/dev_ws/src/arise/install/arise/share/arise/scripts/velocity_control.py
[1.624s] -- Up-to-date symlink: /home/madyhr/robotics/dev_ws/src/arise/install/arise/lib/arise/hexapod.launch.py
[1.624s] -- Up-to-date symlink: /home/madyhr/robotics/dev_ws/src/arise/install/arise/lib/arise/velocity_control.launch.py
[1.624s] -- Up-to-date symlink: /home/madyhr/robotics/dev_ws/src/arise/install/arise/lib/arise/hexapod_kinematics.py
[1.625s] -- Up-to-date symlink: /home/madyhr/robotics/dev_ws/src/arise/install/arise/lib/arise/velocity_control.py
[1.625s] -- Up-to-date symlink: /home/madyhr/robotics/dev_ws/src/arise/install/arise/share/ament_index/resource_index/package_run_dependencies/arise
[1.625s] -- Up-to-date symlink: /home/madyhr/robotics/dev_ws/src/arise/install/arise/share/ament_index/resource_index/parent_prefix_path/arise
[1.625s] -- Up-to-date symlink: /home/madyhr/robotics/dev_ws/src/arise/install/arise/share/arise/environment/ament_prefix_path.sh
[1.625s] -- Up-to-date symlink: /home/madyhr/robotics/dev_ws/src/arise/install/arise/share/arise/environment/ament_prefix_path.dsv
[1.625s] -- Up-to-date symlink: /home/madyhr/robotics/dev_ws/src/arise/install/arise/share/arise/environment/path.sh
[1.625s] -- Up-to-date symlink: /home/madyhr/robotics/dev_ws/src/arise/install/arise/share/arise/environment/path.dsv
[1.625s] -- Up-to-date symlink: /home/madyhr/robotics/dev_ws/src/arise/install/arise/share/arise/local_setup.bash
[1.626s] -- Up-to-date symlink: /home/madyhr/robotics/dev_ws/src/arise/install/arise/share/arise/local_setup.sh
[1.626s] -- Up-to-date symlink: /home/madyhr/robotics/dev_ws/src/arise/install/arise/share/arise/local_setup.zsh
[1.626s] -- Up-to-date symlink: /home/madyhr/robotics/dev_ws/src/arise/install/arise/share/arise/local_setup.dsv
[1.626s] -- Symlinking: /home/madyhr/robotics/dev_ws/src/arise/install/arise/share/arise/package.dsv
[1.633s] -- Up-to-date symlink: /home/madyhr/robotics/dev_ws/src/arise/install/arise/share/ament_index/resource_index/packages/arise
[1.633s] -- Up-to-date symlink: /home/madyhr/robotics/dev_ws/src/arise/install/arise/share/arise/cmake/ariseConfig.cmake
[1.633s] -- Up-to-date symlink: /home/madyhr/robotics/dev_ws/src/arise/install/arise/share/arise/cmake/ariseConfig-version.cmake
[1.633s] -- Up-to-date symlink: /home/madyhr/robotics/dev_ws/src/arise/install/arise/share/arise/package.xml
[1.635s] Invoked command in '/home/madyhr/robotics/dev_ws/src/arise/build/arise' returned '0': CMAKE_PREFIX_PATH=${CMAKE_PREFIX_PATH}:/opt/ros/jazzy /usr/bin/cmake --install /home/madyhr/robotics/dev_ws/src/arise/build/arise
