[0.176s] DEBUG:colcon:Command line arguments: ['/usr/bin/colcon', 'build', '--symlink-install']
[0.176s] DEBUG:colcon:Parsed command line arguments: Namespace(log_base=None, log_level=None, verb_name='build', build_base='build', install_base='install', merge_install=False, symlink_install=True, test_result_base=None, continue_on_error=False, executor='parallel', parallel_workers=16, event_handlers=None, ignore_user_meta=False, metas=['./colcon.meta'], base_paths=['.'], packages_ignore=None, packages_ignore_regex=None, paths=None, packages_up_to=None, packages_up_to_regex=None, packages_above=None, packages_above_and_dependencies=None, packages_above_depth=None, packages_select_by_dep=None, packages_skip_by_dep=None, packages_skip_up_to=None, packages_select_build_failed=False, packages_skip_build_finished=False, packages_select_test_failures=False, packages_skip_test_passed=False, packages_select=None, packages_skip=None, packages_select_regex=None, packages_skip_regex=None, packages_start=None, packages_end=None, allow_overriding=[], cmake_args=None, cmake_target=None, cmake_target_skip_unavailable=False, cmake_clean_cache=False, cmake_clean_first=False, cmake_force_configure=False, ament_cmake_args=None, catkin_cmake_args=None, catkin_skip_building_tests=False, mixin_files=None, mixin=None, verb_parser=<colcon_mixin.mixin.mixin_argument.MixinArgumentDecorator object at 0x7f3468a55c40>, verb_extension=<colcon_core.verb.build.BuildVerb object at 0x7f3468a557f0>, main=<bound method BuildVerb.main of <colcon_core.verb.build.BuildVerb object at 0x7f3468a557f0>>, mixin_verb=('build',))
[0.225s] Level 1:colcon.colcon_core.package_discovery:discover_packages(colcon_meta) check parameters
[0.225s] Level 1:colcon.colcon_core.package_discovery:discover_packages(recursive) check parameters
[0.225s] Level 1:colcon.colcon_core.package_discovery:discover_packages(ignore) check parameters
[0.225s] Level 1:colcon.colcon_core.package_discovery:discover_packages(path) check parameters
[0.225s] Level 1:colcon.colcon_core.package_discovery:discover_packages(colcon_meta) discover
[0.225s] Level 1:colcon.colcon_core.package_discovery:discover_packages(recursive) discover
[0.225s] INFO:colcon.colcon_core.package_discovery:Crawling recursively for packages in '/home/madyhr/robotics/dev_ws/src/arise'
[0.225s] Level 1:colcon.colcon_core.package_identification:_identify(.) by extensions ['ignore', 'ignore_ament_install']
[0.225s] Level 1:colcon.colcon_core.package_identification:_identify(.) by extension 'ignore'
[0.225s] Level 1:colcon.colcon_core.package_identification:_identify(.) by extension 'ignore_ament_install'
[0.225s] Level 1:colcon.colcon_core.package_identification:_identify(.) by extensions ['colcon_pkg']
[0.225s] Level 1:colcon.colcon_core.package_identification:_identify(.) by extension 'colcon_pkg'
[0.225s] Level 1:colcon.colcon_core.package_identification:_identify(.) by extensions ['colcon_meta']
[0.225s] Level 1:colcon.colcon_core.package_identification:_identify(.) by extension 'colcon_meta'
[0.225s] Level 1:colcon.colcon_core.package_identification:_identify(.) by extensions ['ros']
[0.225s] Level 1:colcon.colcon_core.package_identification:_identify(.) by extension 'ros'
[0.252s] DEBUG:colcon.colcon_core.package_identification:Package '.' with type 'ros.ament_cmake' and name 'arise'
[0.252s] Level 1:colcon.colcon_core.package_discovery:discover_packages(recursive) using defaults
[0.252s] Level 1:colcon.colcon_core.package_discovery:discover_packages(ignore) discover
[0.252s] Level 1:colcon.colcon_core.package_discovery:discover_packages(ignore) using defaults
[0.252s] Level 1:colcon.colcon_core.package_discovery:discover_packages(path) discover
[0.252s] Level 1:colcon.colcon_core.package_discovery:discover_packages(path) using defaults
[0.272s] Level 1:colcon.colcon_core.package_discovery:discover_packages(prefix_path) check parameters
[0.272s] Level 1:colcon.colcon_core.package_discovery:discover_packages(prefix_path) discover
[0.275s] DEBUG:colcon.colcon_installed_package_information.package_discovery:Found 1 installed packages in /home/madyhr/robotics/dev_ws/install
[0.278s] DEBUG:colcon.colcon_installed_package_information.package_discovery:Found 285 installed packages in /opt/ros/jazzy
[0.278s] Level 1:colcon.colcon_core.package_discovery:discover_packages(prefix_path) using defaults
[0.350s] Level 5:colcon.colcon_core.verb:set package 'arise' build argument 'cmake_args' from command line to 'None'
[0.351s] Level 5:colcon.colcon_core.verb:set package 'arise' build argument 'cmake_target' from command line to 'None'
[0.351s] Level 5:colcon.colcon_core.verb:set package 'arise' build argument 'cmake_target_skip_unavailable' from command line to 'False'
[0.351s] Level 5:colcon.colcon_core.verb:set package 'arise' build argument 'cmake_clean_cache' from command line to 'False'
[0.351s] Level 5:colcon.colcon_core.verb:set package 'arise' build argument 'cmake_clean_first' from command line to 'False'
[0.351s] Level 5:colcon.colcon_core.verb:set package 'arise' build argument 'cmake_force_configure' from command line to 'False'
[0.351s] Level 5:colcon.colcon_core.verb:set package 'arise' build argument 'ament_cmake_args' from command line to 'None'
[0.351s] Level 5:colcon.colcon_core.verb:set package 'arise' build argument 'catkin_cmake_args' from command line to 'None'
[0.351s] Level 5:colcon.colcon_core.verb:set package 'arise' build argument 'catkin_skip_building_tests' from command line to 'False'
[0.351s] DEBUG:colcon.colcon_core.verb:Building package 'arise' with the following arguments: {'ament_cmake_args': None, 'build_base': '/home/madyhr/robotics/dev_ws/src/arise/build/arise', 'catkin_cmake_args': None, 'catkin_skip_building_tests': False, 'cmake_args': None, 'cmake_clean_cache': False, 'cmake_clean_first': False, 'cmake_force_configure': False, 'cmake_target': None, 'cmake_target_skip_unavailable': False, 'install_base': '/home/madyhr/robotics/dev_ws/src/arise/install/arise', 'merge_install': False, 'path': '/home/madyhr/robotics/dev_ws/src/arise', 'symlink_install': True, 'test_result_base': None}
[0.351s] INFO:colcon.colcon_core.executor:Executing jobs using 'parallel' executor
[0.352s] DEBUG:colcon.colcon_parallel_executor.executor.parallel:run_until_complete
[0.352s] INFO:colcon.colcon_ros.task.ament_cmake.build:Building ROS package in '/home/madyhr/robotics/dev_ws/src/arise' with build type 'ament_cmake'
[0.352s] INFO:colcon.colcon_cmake.task.cmake.build:Building CMake package in '/home/madyhr/robotics/dev_ws/src/arise'
[0.357s] INFO:colcon.colcon_core.plugin_system:Skipping extension 'colcon_core.shell.bat': Not used on non-Windows systems
[0.357s] INFO:colcon.colcon_core.shell:Skip shell extension 'powershell' for command environment: Not usable outside of PowerShell
[0.357s] DEBUG:colcon.colcon_core.shell:Skip shell extension 'dsv' for command environment
[0.366s] DEBUG:colcon.colcon_core.event_handler.log_command:Invoking command in '/home/madyhr/robotics/dev_ws/src/arise/build/arise': CMAKE_PREFIX_PATH=${CMAKE_PREFIX_PATH}:/opt/ros/jazzy /usr/bin/cmake /home/madyhr/robotics/dev_ws/src/arise -DAMENT_CMAKE_SYMLINK_INSTALL=1 -DCMAKE_INSTALL_PREFIX=/home/madyhr/robotics/dev_ws/src/arise/install/arise
[2.144s] DEBUG:colcon.colcon_core.event_handler.log_command:Invoked command in '/home/madyhr/robotics/dev_ws/src/arise/build/arise' returned '0': CMAKE_PREFIX_PATH=${CMAKE_PREFIX_PATH}:/opt/ros/jazzy /usr/bin/cmake /home/madyhr/robotics/dev_ws/src/arise -DAMENT_CMAKE_SYMLINK_INSTALL=1 -DCMAKE_INSTALL_PREFIX=/home/madyhr/robotics/dev_ws/src/arise/install/arise
[2.145s] DEBUG:colcon.colcon_core.event_handler.log_command:Invoking command in '/home/madyhr/robotics/dev_ws/src/arise/build/arise': CMAKE_PREFIX_PATH=${CMAKE_PREFIX_PATH}:/opt/ros/jazzy /usr/bin/cmake --build /home/madyhr/robotics/dev_ws/src/arise/build/arise -- -j16 -l16
[2.174s] DEBUG:colcon.colcon_core.event_handler.log_command:Invoked command in '/home/madyhr/robotics/dev_ws/src/arise/build/arise' returned '0': CMAKE_PREFIX_PATH=${CMAKE_PREFIX_PATH}:/opt/ros/jazzy /usr/bin/cmake --build /home/madyhr/robotics/dev_ws/src/arise/build/arise -- -j16 -l16
[2.195s] DEBUG:colcon.colcon_core.event_handler.log_command:Invoking command in '/home/madyhr/robotics/dev_ws/src/arise/build/arise': CMAKE_PREFIX_PATH=${CMAKE_PREFIX_PATH}:/opt/ros/jazzy /usr/bin/cmake --install /home/madyhr/robotics/dev_ws/src/arise/build/arise
[2.376s] Level 1:colcon.colcon_core.environment:create_environment_scripts_only(arise)
[2.377s] DEBUG:colcon.colcon_core.event_handler.log_command:Invoked command in '/home/madyhr/robotics/dev_ws/src/arise/build/arise' returned '0': CMAKE_PREFIX_PATH=${CMAKE_PREFIX_PATH}:/opt/ros/jazzy /usr/bin/cmake --install /home/madyhr/robotics/dev_ws/src/arise/build/arise
[2.382s] Level 1:colcon.colcon_core.environment:checking '/home/madyhr/robotics/dev_ws/src/arise/install/arise' for CMake module files
[2.383s] Level 1:colcon.colcon_core.environment:checking '/home/madyhr/robotics/dev_ws/src/arise/install/arise' for CMake config files
[2.383s] Level 1:colcon.colcon_core.shell:create_environment_hook('arise', 'cmake_prefix_path')
[2.383s] INFO:colcon.colcon_core.shell:Creating environment hook '/home/madyhr/robotics/dev_ws/src/arise/install/arise/share/arise/hook/cmake_prefix_path.ps1'
[2.384s] INFO:colcon.colcon_core.shell:Creating environment descriptor '/home/madyhr/robotics/dev_ws/src/arise/install/arise/share/arise/hook/cmake_prefix_path.dsv'
[2.385s] INFO:colcon.colcon_core.shell:Creating environment hook '/home/madyhr/robotics/dev_ws/src/arise/install/arise/share/arise/hook/cmake_prefix_path.sh'
[2.385s] Level 1:colcon.colcon_core.environment:checking '/home/madyhr/robotics/dev_ws/src/arise/install/arise/lib'
[2.386s] Level 1:colcon.colcon_core.environment:checking '/home/madyhr/robotics/dev_ws/src/arise/install/arise/bin'
[2.386s] Level 1:colcon.colcon_core.environment:checking '/home/madyhr/robotics/dev_ws/src/arise/install/arise/lib/pkgconfig/arise.pc'
[2.386s] Level 1:colcon.colcon_core.environment:checking '/home/madyhr/robotics/dev_ws/src/arise/install/arise/lib/python3.12/site-packages'
[2.386s] Level 1:colcon.colcon_core.environment:checking '/home/madyhr/robotics/dev_ws/src/arise/install/arise/bin'
[2.386s] INFO:colcon.colcon_core.shell:Creating package script '/home/madyhr/robotics/dev_ws/src/arise/install/arise/share/arise/package.ps1'
[2.387s] INFO:colcon.colcon_core.shell:Creating package descriptor '/home/madyhr/robotics/dev_ws/src/arise/install/arise/share/arise/package.dsv'
[2.388s] INFO:colcon.colcon_core.shell:Creating package script '/home/madyhr/robotics/dev_ws/src/arise/install/arise/share/arise/package.sh'
[2.388s] INFO:colcon.colcon_core.shell:Creating package script '/home/madyhr/robotics/dev_ws/src/arise/install/arise/share/arise/package.bash'
[2.389s] INFO:colcon.colcon_core.shell:Creating package script '/home/madyhr/robotics/dev_ws/src/arise/install/arise/share/arise/package.zsh'
[2.390s] Level 1:colcon.colcon_core.environment:create_file_with_runtime_dependencies(/home/madyhr/robotics/dev_ws/src/arise/install/arise/share/colcon-core/packages/arise)
[2.406s] Level 1:colcon.colcon_core.environment:create_environment_scripts_only(arise)
[2.407s] Level 1:colcon.colcon_core.environment:checking '/home/madyhr/robotics/dev_ws/src/arise/install/arise' for CMake module files
[2.407s] Level 1:colcon.colcon_core.environment:checking '/home/madyhr/robotics/dev_ws/src/arise/install/arise' for CMake config files
[2.407s] Level 1:colcon.colcon_core.shell:create_environment_hook('arise', 'cmake_prefix_path')
[2.408s] INFO:colcon.colcon_core.shell:Creating environment hook '/home/madyhr/robotics/dev_ws/src/arise/install/arise/share/arise/hook/cmake_prefix_path.ps1'
[2.408s] INFO:colcon.colcon_core.shell:Creating environment descriptor '/home/madyhr/robotics/dev_ws/src/arise/install/arise/share/arise/hook/cmake_prefix_path.dsv'
[2.408s] INFO:colcon.colcon_core.shell:Creating environment hook '/home/madyhr/robotics/dev_ws/src/arise/install/arise/share/arise/hook/cmake_prefix_path.sh'
[2.409s] Level 1:colcon.colcon_core.environment:checking '/home/madyhr/robotics/dev_ws/src/arise/install/arise/lib'
[2.409s] Level 1:colcon.colcon_core.environment:checking '/home/madyhr/robotics/dev_ws/src/arise/install/arise/bin'
[2.409s] Level 1:colcon.colcon_core.environment:checking '/home/madyhr/robotics/dev_ws/src/arise/install/arise/lib/pkgconfig/arise.pc'
[2.409s] Level 1:colcon.colcon_core.environment:checking '/home/madyhr/robotics/dev_ws/src/arise/install/arise/lib/python3.12/site-packages'
[2.409s] Level 1:colcon.colcon_core.environment:checking '/home/madyhr/robotics/dev_ws/src/arise/install/arise/bin'
[2.409s] INFO:colcon.colcon_core.shell:Creating package script '/home/madyhr/robotics/dev_ws/src/arise/install/arise/share/arise/package.ps1'
[2.410s] INFO:colcon.colcon_core.shell:Creating package descriptor '/home/madyhr/robotics/dev_ws/src/arise/install/arise/share/arise/package.dsv'
[2.410s] INFO:colcon.colcon_core.shell:Creating package script '/home/madyhr/robotics/dev_ws/src/arise/install/arise/share/arise/package.sh'
[2.410s] INFO:colcon.colcon_core.shell:Creating package script '/home/madyhr/robotics/dev_ws/src/arise/install/arise/share/arise/package.bash'
[2.410s] INFO:colcon.colcon_core.shell:Creating package script '/home/madyhr/robotics/dev_ws/src/arise/install/arise/share/arise/package.zsh'
[2.411s] Level 1:colcon.colcon_core.environment:create_file_with_runtime_dependencies(/home/madyhr/robotics/dev_ws/src/arise/install/arise/share/colcon-core/packages/arise)
[2.411s] DEBUG:colcon.colcon_parallel_executor.executor.parallel:closing loop
[2.411s] DEBUG:colcon.colcon_parallel_executor.executor.parallel:loop closed
[2.412s] DEBUG:colcon.colcon_parallel_executor.executor.parallel:run_until_complete finished with '0'
[2.412s] DEBUG:colcon.colcon_core.event_reactor:joining thread
[2.445s] INFO:colcon.colcon_core.plugin_system:Skipping extension 'colcon_notification.desktop_notification.notify_send': Could not find 'notify-send'
[2.445s] INFO:colcon.colcon_core.plugin_system:Skipping extension 'colcon_notification.desktop_notification.terminal_notifier': Not used on non-Darwin systems
[2.445s] INFO:colcon.colcon_core.plugin_system:Skipping extension 'colcon_notification.desktop_notification.win32': Not used on non-Windows systems
[2.445s] INFO:colcon.colcon_notification.desktop_notification:Sending desktop notification using 'notify2'
[2.447s] DEBUG:colcon.colcon_notification.desktop_notification.notify2:Failed to initialize notify2: org.freedesktop.DBus.Error.ServiceUnknown: The name org.freedesktop.Notifications was not provided by any .service files
[2.447s] DEBUG:colcon.colcon_core.event_reactor:joined thread
[2.447s] INFO:colcon.colcon_core.shell:Creating prefix script '/home/madyhr/robotics/dev_ws/src/arise/install/local_setup.ps1'
[2.448s] INFO:colcon.colcon_core.shell:Creating prefix util module '/home/madyhr/robotics/dev_ws/src/arise/install/_local_setup_util_ps1.py'
[2.449s] INFO:colcon.colcon_core.shell:Creating prefix chain script '/home/madyhr/robotics/dev_ws/src/arise/install/setup.ps1'
[2.450s] INFO:colcon.colcon_core.shell:Creating prefix script '/home/madyhr/robotics/dev_ws/src/arise/install/local_setup.sh'
[2.451s] INFO:colcon.colcon_core.shell:Creating prefix util module '/home/madyhr/robotics/dev_ws/src/arise/install/_local_setup_util_sh.py'
[2.451s] INFO:colcon.colcon_core.shell:Creating prefix chain script '/home/madyhr/robotics/dev_ws/src/arise/install/setup.sh'
[2.452s] INFO:colcon.colcon_core.shell:Creating prefix script '/home/madyhr/robotics/dev_ws/src/arise/install/local_setup.bash'
[2.452s] INFO:colcon.colcon_core.shell:Creating prefix chain script '/home/madyhr/robotics/dev_ws/src/arise/install/setup.bash'
[2.453s] INFO:colcon.colcon_core.shell:Creating prefix script '/home/madyhr/robotics/dev_ws/src/arise/install/local_setup.zsh'
[2.454s] INFO:colcon.colcon_core.shell:Creating prefix chain script '/home/madyhr/robotics/dev_ws/src/arise/install/setup.zsh'
