[0.159s] DEBUG:colcon:Command line arguments: ['/usr/bin/colcon', 'build', '--symlink-install']
[0.159s] DEBUG:colcon:Parsed command line arguments: Namespace(log_base=None, log_level=None, verb_name='build', build_base='build', install_base='install', merge_install=False, symlink_install=True, test_result_base=None, continue_on_error=False, executor='parallel', parallel_workers=4, event_handlers=None, ignore_user_meta=False, metas=['./colcon.meta'], base_paths=['.'], packages_ignore=None, packages_ignore_regex=None, paths=None, packages_up_to=None, packages_up_to_regex=None, packages_above=None, packages_above_and_dependencies=None, packages_above_depth=None, packages_select_by_dep=None, packages_skip_by_dep=None, packages_skip_up_to=None, packages_select_build_failed=False, packages_skip_build_finished=False, packages_select_test_failures=False, packages_skip_test_passed=False, packages_select=None, packages_skip=None, packages_select_regex=None, packages_skip_regex=None, packages_start=None, packages_end=None, allow_overriding=[], cmake_args=None, cmake_target=None, cmake_target_skip_unavailable=False, cmake_clean_cache=False, cmake_clean_first=False, cmake_force_configure=False, ament_cmake_args=None, catkin_cmake_args=None, catkin_skip_building_tests=False, mixin_files=None, mixin=None, verb_parser=<colcon_mixin.mixin.mixin_argument.MixinArgumentDecorator object at 0xffff89abe840>, verb_extension=<colcon_core.verb.build.BuildVerb object at 0xffff89cfaa80>, main=<bound method BuildVerb.main of <colcon_core.verb.build.BuildVerb object at 0xffff89cfaa80>>, mixin_verb=('build',))
[0.217s] Level 1:colcon.colcon_core.package_discovery:discover_packages(colcon_meta) check parameters
[0.217s] Level 1:colcon.colcon_core.package_discovery:discover_packages(recursive) check parameters
[0.217s] Level 1:colcon.colcon_core.package_discovery:discover_packages(ignore) check parameters
[0.217s] Level 1:colcon.colcon_core.package_discovery:discover_packages(path) check parameters
[0.217s] Level 1:colcon.colcon_core.package_discovery:discover_packages(colcon_meta) discover
[0.217s] Level 1:colcon.colcon_core.package_discovery:discover_packages(recursive) discover
[0.217s] INFO:colcon.colcon_core.package_discovery:Crawling recursively for packages in '/home/marcus/Documents/robotics/robot_ws'
[0.218s] Level 1:colcon.colcon_core.package_identification:_identify(.) by extensions ['ignore', 'ignore_ament_install']
[0.218s] Level 1:colcon.colcon_core.package_identification:_identify(.) by extension 'ignore'
[0.218s] Level 1:colcon.colcon_core.package_identification:_identify(.) by extension 'ignore_ament_install'
[0.218s] Level 1:colcon.colcon_core.package_identification:_identify(.) by extensions ['colcon_pkg']
[0.218s] Level 1:colcon.colcon_core.package_identification:_identify(.) by extension 'colcon_pkg'
[0.218s] Level 1:colcon.colcon_core.package_identification:_identify(.) by extensions ['colcon_meta']
[0.218s] Level 1:colcon.colcon_core.package_identification:_identify(.) by extension 'colcon_meta'
[0.218s] Level 1:colcon.colcon_core.package_identification:_identify(.) by extensions ['ros']
[0.218s] Level 1:colcon.colcon_core.package_identification:_identify(.) by extension 'ros'
[0.260s] Level 1:colcon.colcon_core.package_identification:_identify(.) by extensions ['cmake', 'python']
[0.260s] Level 1:colcon.colcon_core.package_identification:_identify(.) by extension 'cmake'
[0.261s] Level 1:colcon.colcon_core.package_identification:_identify(.) by extension 'python'
[0.261s] Level 1:colcon.colcon_core.package_identification:_identify(.) by extensions ['python_setup_py']
[0.261s] Level 1:colcon.colcon_core.package_identification:_identify(.) by extension 'python_setup_py'
[0.261s] Level 1:colcon.colcon_core.package_identification:_identify(build) by extensions ['ignore', 'ignore_ament_install']
[0.261s] Level 1:colcon.colcon_core.package_identification:_identify(build) by extension 'ignore'
[0.261s] Level 1:colcon.colcon_core.package_identification:_identify(build) ignored
[0.261s] Level 1:colcon.colcon_core.package_identification:_identify(install) by extensions ['ignore', 'ignore_ament_install']
[0.261s] Level 1:colcon.colcon_core.package_identification:_identify(install) by extension 'ignore'
[0.261s] Level 1:colcon.colcon_core.package_identification:_identify(install) ignored
[0.262s] Level 1:colcon.colcon_core.package_identification:_identify(log) by extensions ['ignore', 'ignore_ament_install']
[0.262s] Level 1:colcon.colcon_core.package_identification:_identify(log) by extension 'ignore'
[0.262s] Level 1:colcon.colcon_core.package_identification:_identify(log) ignored
[0.262s] Level 1:colcon.colcon_core.package_identification:_identify(src) by extensions ['ignore', 'ignore_ament_install']
[0.262s] Level 1:colcon.colcon_core.package_identification:_identify(src) by extension 'ignore'
[0.262s] Level 1:colcon.colcon_core.package_identification:_identify(src) by extension 'ignore_ament_install'
[0.262s] Level 1:colcon.colcon_core.package_identification:_identify(src) by extensions ['colcon_pkg']
[0.262s] Level 1:colcon.colcon_core.package_identification:_identify(src) by extension 'colcon_pkg'
[0.262s] Level 1:colcon.colcon_core.package_identification:_identify(src) by extensions ['colcon_meta']
[0.262s] Level 1:colcon.colcon_core.package_identification:_identify(src) by extension 'colcon_meta'
[0.262s] Level 1:colcon.colcon_core.package_identification:_identify(src) by extensions ['ros']
[0.262s] Level 1:colcon.colcon_core.package_identification:_identify(src) by extension 'ros'
[0.262s] Level 1:colcon.colcon_core.package_identification:_identify(src) by extensions ['cmake', 'python']
[0.262s] Level 1:colcon.colcon_core.package_identification:_identify(src) by extension 'cmake'
[0.262s] Level 1:colcon.colcon_core.package_identification:_identify(src) by extension 'python'
[0.262s] Level 1:colcon.colcon_core.package_identification:_identify(src) by extensions ['python_setup_py']
[0.262s] Level 1:colcon.colcon_core.package_identification:_identify(src) by extension 'python_setup_py'
[0.263s] Level 1:colcon.colcon_core.package_identification:_identify(src/arise) by extensions ['ignore', 'ignore_ament_install']
[0.263s] Level 1:colcon.colcon_core.package_identification:_identify(src/arise) by extension 'ignore'
[0.263s] Level 1:colcon.colcon_core.package_identification:_identify(src/arise) by extension 'ignore_ament_install'
[0.263s] Level 1:colcon.colcon_core.package_identification:_identify(src/arise) by extensions ['colcon_pkg']
[0.263s] Level 1:colcon.colcon_core.package_identification:_identify(src/arise) by extension 'colcon_pkg'
[0.263s] Level 1:colcon.colcon_core.package_identification:_identify(src/arise) by extensions ['colcon_meta']
[0.263s] Level 1:colcon.colcon_core.package_identification:_identify(src/arise) by extension 'colcon_meta'
[0.263s] Level 1:colcon.colcon_core.package_identification:_identify(src/arise) by extensions ['ros']
[0.263s] Level 1:colcon.colcon_core.package_identification:_identify(src/arise) by extension 'ros'
[0.266s] DEBUG:colcon.colcon_core.package_identification:Package 'src/arise' with type 'ros.ament_cmake' and name 'arise'
[0.266s] Level 1:colcon.colcon_core.package_discovery:discover_packages(recursive) using defaults
[0.267s] Level 1:colcon.colcon_core.package_discovery:discover_packages(ignore) discover
[0.267s] Level 1:colcon.colcon_core.package_discovery:discover_packages(ignore) using defaults
[0.267s] Level 1:colcon.colcon_core.package_discovery:discover_packages(path) discover
[0.267s] Level 1:colcon.colcon_core.package_discovery:discover_packages(path) using defaults
[0.291s] Level 1:colcon.colcon_core.package_discovery:discover_packages(prefix_path) check parameters
[0.291s] Level 1:colcon.colcon_core.package_discovery:discover_packages(prefix_path) discover
[0.293s] DEBUG:colcon.colcon_installed_package_information.package_discovery:Found 1 installed packages in /home/marcus/Documents/robotics/robot_ws/install
[0.295s] DEBUG:colcon.colcon_installed_package_information.package_discovery:Found 285 installed packages in /opt/ros/jazzy
[0.297s] Level 1:colcon.colcon_core.package_discovery:discover_packages(prefix_path) using defaults
[0.356s] Level 5:colcon.colcon_core.verb:set package 'arise' build argument 'cmake_args' from command line to 'None'
[0.356s] Level 5:colcon.colcon_core.verb:set package 'arise' build argument 'cmake_target' from command line to 'None'
[0.356s] Level 5:colcon.colcon_core.verb:set package 'arise' build argument 'cmake_target_skip_unavailable' from command line to 'False'
[0.356s] Level 5:colcon.colcon_core.verb:set package 'arise' build argument 'cmake_clean_cache' from command line to 'False'
[0.356s] Level 5:colcon.colcon_core.verb:set package 'arise' build argument 'cmake_clean_first' from command line to 'False'
[0.356s] Level 5:colcon.colcon_core.verb:set package 'arise' build argument 'cmake_force_configure' from command line to 'False'
[0.356s] Level 5:colcon.colcon_core.verb:set package 'arise' build argument 'ament_cmake_args' from command line to 'None'
[0.356s] Level 5:colcon.colcon_core.verb:set package 'arise' build argument 'catkin_cmake_args' from command line to 'None'
[0.356s] Level 5:colcon.colcon_core.verb:set package 'arise' build argument 'catkin_skip_building_tests' from command line to 'False'
[0.356s] DEBUG:colcon.colcon_core.verb:Building package 'arise' with the following arguments: {'ament_cmake_args': None, 'build_base': '/home/marcus/Documents/robotics/robot_ws/build/arise', 'catkin_cmake_args': None, 'catkin_skip_building_tests': False, 'cmake_args': None, 'cmake_clean_cache': False, 'cmake_clean_first': False, 'cmake_force_configure': False, 'cmake_target': None, 'cmake_target_skip_unavailable': False, 'install_base': '/home/marcus/Documents/robotics/robot_ws/install/arise', 'merge_install': False, 'path': '/home/marcus/Documents/robotics/robot_ws/src/arise', 'symlink_install': True, 'test_result_base': None}
[0.356s] INFO:colcon.colcon_core.executor:Executing jobs using 'parallel' executor
[0.358s] DEBUG:colcon.colcon_parallel_executor.executor.parallel:run_until_complete
[0.358s] INFO:colcon.colcon_ros.task.ament_cmake.build:Building ROS package in '/home/marcus/Documents/robotics/robot_ws/src/arise' with build type 'ament_cmake'
[0.359s] INFO:colcon.colcon_cmake.task.cmake.build:Building CMake package in '/home/marcus/Documents/robotics/robot_ws/src/arise'
[0.364s] INFO:colcon.colcon_core.plugin_system:Skipping extension 'colcon_core.shell.bat': Not used on non-Windows systems
[0.364s] INFO:colcon.colcon_core.shell:Skip shell extension 'powershell' for command environment: Not usable outside of PowerShell
[0.364s] DEBUG:colcon.colcon_core.shell:Skip shell extension 'dsv' for command environment
[0.382s] DEBUG:colcon.colcon_core.event_handler.log_command:Invoking command in '/home/marcus/Documents/robotics/robot_ws/build/arise': CMAKE_PREFIX_PATH=${CMAKE_PREFIX_PATH}:/opt/ros/jazzy DEBUGINFOD_URLS=https://debuginfod.ubuntu.com /usr/bin/cmake --build /home/marcus/Documents/robotics/robot_ws/build/arise -- -j4 -l4
[1.190s] DEBUG:colcon.colcon_core.event_handler.log_command:Invoked command in '/home/marcus/Documents/robotics/robot_ws/build/arise' returned '0': CMAKE_PREFIX_PATH=${CMAKE_PREFIX_PATH}:/opt/ros/jazzy DEBUGINFOD_URLS=https://debuginfod.ubuntu.com /usr/bin/cmake --build /home/marcus/Documents/robotics/robot_ws/build/arise -- -j4 -l4
[1.247s] DEBUG:colcon.colcon_core.event_handler.log_command:Invoking command in '/home/marcus/Documents/robotics/robot_ws/build/arise': CMAKE_PREFIX_PATH=${CMAKE_PREFIX_PATH}:/opt/ros/jazzy DEBUGINFOD_URLS=https://debuginfod.ubuntu.com /usr/bin/cmake --install /home/marcus/Documents/robotics/robot_ws/build/arise
[1.377s] Level 1:colcon.colcon_core.environment:create_environment_scripts_only(arise)
[1.378s] DEBUG:colcon.colcon_core.event_handler.log_command:Invoked command in '/home/marcus/Documents/robotics/robot_ws/build/arise' returned '0': CMAKE_PREFIX_PATH=${CMAKE_PREFIX_PATH}:/opt/ros/jazzy DEBUGINFOD_URLS=https://debuginfod.ubuntu.com /usr/bin/cmake --install /home/marcus/Documents/robotics/robot_ws/build/arise
[1.380s] Level 1:colcon.colcon_core.environment:checking '/home/marcus/Documents/robotics/robot_ws/install/arise' for CMake module files
[1.381s] Level 1:colcon.colcon_core.environment:checking '/home/marcus/Documents/robotics/robot_ws/install/arise' for CMake config files
[1.381s] Level 1:colcon.colcon_core.shell:create_environment_hook('arise', 'cmake_prefix_path')
[1.382s] INFO:colcon.colcon_core.shell:Creating environment hook '/home/marcus/Documents/robotics/robot_ws/install/arise/share/arise/hook/cmake_prefix_path.ps1'
[1.383s] INFO:colcon.colcon_core.shell:Creating environment descriptor '/home/marcus/Documents/robotics/robot_ws/install/arise/share/arise/hook/cmake_prefix_path.dsv'
[1.385s] INFO:colcon.colcon_core.shell:Creating environment hook '/home/marcus/Documents/robotics/robot_ws/install/arise/share/arise/hook/cmake_prefix_path.sh'
[1.386s] Level 1:colcon.colcon_core.environment:checking '/home/marcus/Documents/robotics/robot_ws/install/arise/lib'
[1.387s] Level 1:colcon.colcon_core.environment:checking '/home/marcus/Documents/robotics/robot_ws/install/arise/bin'
[1.387s] Level 1:colcon.colcon_core.environment:checking '/home/marcus/Documents/robotics/robot_ws/install/arise/lib/pkgconfig/arise.pc'
[1.387s] Level 1:colcon.colcon_core.environment:checking '/home/marcus/Documents/robotics/robot_ws/install/arise/lib/python3.12/site-packages'
[1.387s] Level 1:colcon.colcon_core.shell:create_environment_hook('arise', 'pythonpath')
[1.388s] INFO:colcon.colcon_core.shell:Creating environment hook '/home/marcus/Documents/robotics/robot_ws/install/arise/share/arise/hook/pythonpath.ps1'
[1.388s] INFO:colcon.colcon_core.shell:Creating environment descriptor '/home/marcus/Documents/robotics/robot_ws/install/arise/share/arise/hook/pythonpath.dsv'
[1.389s] INFO:colcon.colcon_core.shell:Creating environment hook '/home/marcus/Documents/robotics/robot_ws/install/arise/share/arise/hook/pythonpath.sh'
[1.390s] Level 1:colcon.colcon_core.environment:checking '/home/marcus/Documents/robotics/robot_ws/install/arise/bin'
[1.391s] INFO:colcon.colcon_core.shell:Creating package script '/home/marcus/Documents/robotics/robot_ws/install/arise/share/arise/package.ps1'
[1.392s] INFO:colcon.colcon_core.shell:Creating package descriptor '/home/marcus/Documents/robotics/robot_ws/install/arise/share/arise/package.dsv'
[1.393s] INFO:colcon.colcon_core.shell:Creating package script '/home/marcus/Documents/robotics/robot_ws/install/arise/share/arise/package.sh'
[1.394s] INFO:colcon.colcon_core.shell:Creating package script '/home/marcus/Documents/robotics/robot_ws/install/arise/share/arise/package.bash'
[1.395s] INFO:colcon.colcon_core.shell:Creating package script '/home/marcus/Documents/robotics/robot_ws/install/arise/share/arise/package.zsh'
[1.396s] Level 1:colcon.colcon_core.environment:create_file_with_runtime_dependencies(/home/marcus/Documents/robotics/robot_ws/install/arise/share/colcon-core/packages/arise)
[1.435s] Level 1:colcon.colcon_core.environment:create_environment_scripts_only(arise)
[1.436s] Level 1:colcon.colcon_core.environment:checking '/home/marcus/Documents/robotics/robot_ws/install/arise' for CMake module files
[1.437s] Level 1:colcon.colcon_core.environment:checking '/home/marcus/Documents/robotics/robot_ws/install/arise' for CMake config files
[1.437s] Level 1:colcon.colcon_core.shell:create_environment_hook('arise', 'cmake_prefix_path')
[1.437s] INFO:colcon.colcon_core.shell:Creating environment hook '/home/marcus/Documents/robotics/robot_ws/install/arise/share/arise/hook/cmake_prefix_path.ps1'
[1.438s] INFO:colcon.colcon_core.shell:Creating environment descriptor '/home/marcus/Documents/robotics/robot_ws/install/arise/share/arise/hook/cmake_prefix_path.dsv'
[1.438s] INFO:colcon.colcon_core.shell:Creating environment hook '/home/marcus/Documents/robotics/robot_ws/install/arise/share/arise/hook/cmake_prefix_path.sh'
[1.439s] Level 1:colcon.colcon_core.environment:checking '/home/marcus/Documents/robotics/robot_ws/install/arise/lib'
[1.439s] Level 1:colcon.colcon_core.environment:checking '/home/marcus/Documents/robotics/robot_ws/install/arise/bin'
[1.440s] Level 1:colcon.colcon_core.environment:checking '/home/marcus/Documents/robotics/robot_ws/install/arise/lib/pkgconfig/arise.pc'
[1.440s] Level 1:colcon.colcon_core.environment:checking '/home/marcus/Documents/robotics/robot_ws/install/arise/lib/python3.12/site-packages'
[1.440s] Level 1:colcon.colcon_core.shell:create_environment_hook('arise', 'pythonpath')
[1.440s] INFO:colcon.colcon_core.shell:Creating environment hook '/home/marcus/Documents/robotics/robot_ws/install/arise/share/arise/hook/pythonpath.ps1'
[1.441s] INFO:colcon.colcon_core.shell:Creating environment descriptor '/home/marcus/Documents/robotics/robot_ws/install/arise/share/arise/hook/pythonpath.dsv'
[1.441s] INFO:colcon.colcon_core.shell:Creating environment hook '/home/marcus/Documents/robotics/robot_ws/install/arise/share/arise/hook/pythonpath.sh'
[1.442s] Level 1:colcon.colcon_core.environment:checking '/home/marcus/Documents/robotics/robot_ws/install/arise/bin'
[1.442s] INFO:colcon.colcon_core.shell:Creating package script '/home/marcus/Documents/robotics/robot_ws/install/arise/share/arise/package.ps1'
[1.443s] INFO:colcon.colcon_core.shell:Creating package descriptor '/home/marcus/Documents/robotics/robot_ws/install/arise/share/arise/package.dsv'
[1.444s] INFO:colcon.colcon_core.shell:Creating package script '/home/marcus/Documents/robotics/robot_ws/install/arise/share/arise/package.sh'
[1.445s] INFO:colcon.colcon_core.shell:Creating package script '/home/marcus/Documents/robotics/robot_ws/install/arise/share/arise/package.bash'
[1.445s] INFO:colcon.colcon_core.shell:Creating package script '/home/marcus/Documents/robotics/robot_ws/install/arise/share/arise/package.zsh'
[1.446s] Level 1:colcon.colcon_core.environment:create_file_with_runtime_dependencies(/home/marcus/Documents/robotics/robot_ws/install/arise/share/colcon-core/packages/arise)
[1.446s] DEBUG:colcon.colcon_parallel_executor.executor.parallel:closing loop
[1.446s] DEBUG:colcon.colcon_parallel_executor.executor.parallel:loop closed
[1.447s] DEBUG:colcon.colcon_parallel_executor.executor.parallel:run_until_complete finished with '0'
[1.447s] DEBUG:colcon.colcon_core.event_reactor:joining thread
[1.459s] INFO:colcon.colcon_core.plugin_system:Skipping extension 'colcon_notification.desktop_notification.terminal_notifier': Not used on non-Darwin systems
[1.460s] INFO:colcon.colcon_core.plugin_system:Skipping extension 'colcon_notification.desktop_notification.win32': Not used on non-Windows systems
[1.460s] INFO:colcon.colcon_notification.desktop_notification:Sending desktop notification using 'notify2'
[1.488s] DEBUG:colcon.colcon_core.event_reactor:joined thread
[1.489s] INFO:colcon.colcon_core.shell:Creating prefix script '/home/marcus/Documents/robotics/robot_ws/install/local_setup.ps1'
[1.490s] INFO:colcon.colcon_core.shell:Creating prefix util module '/home/marcus/Documents/robotics/robot_ws/install/_local_setup_util_ps1.py'
[1.492s] INFO:colcon.colcon_core.shell:Creating prefix chain script '/home/marcus/Documents/robotics/robot_ws/install/setup.ps1'
[1.495s] INFO:colcon.colcon_core.shell:Creating prefix script '/home/marcus/Documents/robotics/robot_ws/install/local_setup.sh'
[1.496s] INFO:colcon.colcon_core.shell:Creating prefix util module '/home/marcus/Documents/robotics/robot_ws/install/_local_setup_util_sh.py'
[1.498s] INFO:colcon.colcon_core.shell:Creating prefix chain script '/home/marcus/Documents/robotics/robot_ws/install/setup.sh'
[1.500s] INFO:colcon.colcon_core.shell:Creating prefix script '/home/marcus/Documents/robotics/robot_ws/install/local_setup.bash'
[1.501s] INFO:colcon.colcon_core.shell:Creating prefix chain script '/home/marcus/Documents/robotics/robot_ws/install/setup.bash'
[1.504s] INFO:colcon.colcon_core.shell:Creating prefix script '/home/marcus/Documents/robotics/robot_ws/install/local_setup.zsh'
[1.505s] INFO:colcon.colcon_core.shell:Creating prefix chain script '/home/marcus/Documents/robotics/robot_ws/install/setup.zsh'
